This file contains any messages produced by compilers while
running configure, to aid debugging if configure makes a mistake.

It was created by configure, which was
generated by GNU Autoconf 2.61.  Invocation command line was

  $ ./configure --prefix=/usr

## --------- ##
## Platform. ##
## --------- ##

hostname = libertad
uname -m = x86_64
uname -r = 2.6.20-16-generic
uname -s = Linux
uname -v = #2 SMP Thu Jun 7 19:00:28 UTC 2007

/usr/bin/uname -p = unknown
/bin/uname -X     = unknown

/bin/arch              = x86_64
/usr/bin/arch -k       = unknown
/usr/convex/getsysinfo = unknown
/usr/bin/hostinfo      = unknown
/bin/machine           = unknown
/usr/bin/oslevel       = unknown
/bin/universe          = unknown

PATH: /usr/local/sbin
PATH: /usr/local/bin
PATH: /usr/sbin
PATH: /usr/bin
PATH: /sbin
PATH: /bin
PATH: /usr/bin/X11
PATH: /usr/games
PATH: /home/programs/bin


## ----------- ##
## Core tests. ##
## ----------- ##

configure:2136: checking build system type
configure:2154: result: x86_64-unknown-linux-gnu
configure:2176: checking host system type
configure:2191: result: x86_64-unknown-linux-gnu
configure:2213: checking target system type
configure:2228: result: x86_64-unknown-linux-gnu
configure:2289: checking for a BSD-compatible install
configure:2345: result: /usr/bin/install -c
configure:2360: checking for -p flag to install
configure:2373: result: yes
configure:2384: checking whether build environment is sane
configure:2427: result: yes
configure:2471: checking for gawk
configure:2487: found /usr/bin/gawk
configure:2498: result: gawk
configure:2509: checking whether make sets $(MAKE)
configure:2530: result: yes
configure:2800: checking for kde-config
configure:2862: result: /usr/bin/kde-config
configure:2885: checking where to install
configure:2893: result: /usr (as requested)
configure:2944: checking for style of include used by make
configure:2972: result: GNU
configure:3122: checking for gcc
configure:3138: found /usr/bin/gcc
configure:3149: result: gcc
configure:3387: checking for C compiler version
configure:3394: gcc --version >&5
gcc (GCC) 4.1.2 (Ubuntu 4.1.2-0ubuntu4)
Copyright (C) 2006 Free Software Foundation, Inc.
This is free software; see the source for copying conditions.  There is NO
warranty; not even for MERCHANTABILITY or FITNESS FOR A PARTICULAR PURPOSE.

configure:3397: $? = 0
configure:3404: gcc -v >&5
Using built-in specs.
Target: x86_64-linux-gnu
Configured with: ../src/configure -v --enable-languages=c,c++,fortran,objc,obj-c++,treelang --prefix=/usr --enable-shared --with-system-zlib --libexecdir=/usr/lib --without-included-gettext --enable-threads=posix --enable-nls --program-suffix=-4.1 --enable-__cxa_atexit --enable-clocale=gnu --enable-libstdcxx-debug --enable-mpfr --enable-checking=release x86_64-linux-gnu
Thread model: posix
gcc version 4.1.2 (Ubuntu 4.1.2-0ubuntu4)
configure:3407: $? = 0
configure:3414: gcc -V >&5
gcc: '-V' option must have argument
configure:3417: $? = 1
configure:3440: checking for C compiler default output file name
configure:3467: gcc     conftest.c  >&5
configure:3470: $? = 0
configure:3508: result: a.out
configure:3525: checking whether the C compiler works
configure:3535: ./a.out
configure:3538: $? = 0
configure:3555: result: yes
configure:3562: checking whether we are cross compiling
configure:3564: result: no
configure:3567: checking for suffix of executables
configure:3574: gcc -o conftest     conftest.c  >&5
configure:3577: $? = 0
configure:3601: result: 
configure:3607: checking for suffix of object files
configure:3633: gcc -c    conftest.c >&5
configure:3636: $? = 0
configure:3659: result: o
configure:3663: checking whether we are using the GNU C compiler
configure:3692: gcc -c    conftest.c >&5
configure:3698: $? = 0
configure:3715: result: yes
configure:3720: checking whether gcc accepts -g
configure:3750: gcc -c -g  conftest.c >&5
configure:3756: $? = 0
configure:3855: result: yes
configure:3872: checking for gcc option to accept ISO C89
configure:3946: gcc  -c    conftest.c >&5
configure:3952: $? = 0
configure:3975: result: none needed
configure:3995: checking dependency style of gcc
configure:4085: result: gcc3
configure:4108: checking how to run the C preprocessor
configure:4148: gcc -E  conftest.c
configure:4154: $? = 0
configure:4185: gcc -E  conftest.c
conftest.c:10:28: error: ac_nonexistent.h: No such file or directory
configure:4191: $? = 1
configure: failed program was:
| /* confdefs.h.  */
| #define PACKAGE_NAME ""
| #define PACKAGE_TARNAME ""
| #define PACKAGE_VERSION ""
| #define PACKAGE_STRING ""
| #define PACKAGE_BUGREPORT ""
| #define PACKAGE "klusters"
| #define VERSION "1.6.2"
| /* end confdefs.h.  */
| #include <ac_nonexistent.h>
configure:4224: result: gcc -E
configure:4253: gcc -E  conftest.c
configure:4259: $? = 0
configure:4290: gcc -E  conftest.c
conftest.c:10:28: error: ac_nonexistent.h: No such file or directory
configure:4296: $? = 1
configure: failed program was:
| /* confdefs.h.  */
| #define PACKAGE_NAME ""
| #define PACKAGE_TARNAME ""
| #define PACKAGE_VERSION ""
| #define PACKAGE_STRING ""
| #define PACKAGE_BUGREPORT ""
| #define PACKAGE "klusters"
| #define VERSION "1.6.2"
| /* end confdefs.h.  */
| #include <ac_nonexistent.h>
configure:4420: checking for g++
configure:4436: found /usr/bin/g++
configure:4447: result: g++
configure:4478: checking for C++ compiler version
configure:4485: g++ --version >&5
g++ (GCC) 4.1.2 (Ubuntu 4.1.2-0ubuntu4)
Copyright (C) 2006 Free Software Foundation, Inc.
This is free software; see the source for copying conditions.  There is NO
warranty; not even for MERCHANTABILITY or FITNESS FOR A PARTICULAR PURPOSE.

configure:4488: $? = 0
configure:4495: g++ -v >&5
Using built-in specs.
Target: x86_64-linux-gnu
Configured with: ../src/configure -v --enable-languages=c,c++,fortran,objc,obj-c++,treelang --prefix=/usr --enable-shared --with-system-zlib --libexecdir=/usr/lib --without-included-gettext --enable-threads=posix --enable-nls --program-suffix=-4.1 --enable-__cxa_atexit --enable-clocale=gnu --enable-libstdcxx-debug --enable-mpfr --enable-checking=release x86_64-linux-gnu
Thread model: posix
gcc version 4.1.2 (Ubuntu 4.1.2-0ubuntu4)
configure:4498: $? = 0
configure:4505: g++ -V >&5
g++: '-V' option must have argument
configure:4508: $? = 1
configure:4511: checking whether we are using the GNU C++ compiler
configure:4540: g++ -c    conftest.cpp >&5
configure:4546: $? = 0
configure:4563: result: yes
configure:4568: checking whether g++ accepts -g
configure:4598: g++ -c -g  conftest.cpp >&5
configure:4604: $? = 0
configure:4703: result: yes
configure:4728: checking dependency style of g++
configure:4818: result: gcc3
configure:4837: checking whether gcc is blacklisted
configure:4868: gcc -c -O2    conftest.c >&5
configure:4874: $? = 0
configure:4890: result: no
configure:5218: checking whether g++ supports -Wmissing-format-attribute
configure:5258: rm -rf SunWS_cache; g++ -o conftest -ansi -D_XOPEN_SOURCE=500 -D_BSD_SOURCE -Wcast-align -Wconversion -Wchar-subscripts -Wall -W -Wpointer-arith -O2   -Wmissing-format-attribute   conftest.cpp  1>&5
configure:5264: $? = 0
configure:5291: result: yes
configure:5303: checking whether gcc supports -Wmissing-format-attribute
configure:5340: gcc -o conftest -std=iso9899:1990 -W -Wall -Wchar-subscripts -Wshadow -Wpointer-arith -Wmissing-prototypes -Wwrite-strings -D_XOPEN_SOURCE=500 -D_BSD_SOURCE -O2   -Wmissing-format-attribute   conftest.c  >&5
configure:5346: $? = 0
configure:5373: result: yes
configure:5387: checking whether g++ supports -Wundef
configure:5427: rm -rf SunWS_cache; g++ -o conftest -ansi -D_XOPEN_SOURCE=500 -D_BSD_SOURCE -Wcast-align -Wconversion -Wchar-subscripts -Wall -W -Wpointer-arith -O2   -Wformat-security -Wmissing-format-attribute -Wundef   conftest.cpp  1>&5
configure:5433: $? = 0
configure:5460: result: yes
configure:5472: checking whether g++ supports -Wno-long-long
configure:5512: rm -rf SunWS_cache; g++ -o conftest -Wundef -ansi -D_XOPEN_SOURCE=500 -D_BSD_SOURCE -Wcast-align -Wconversion -Wchar-subscripts -Wall -W -Wpointer-arith -O2   -Wformat-security -Wmissing-format-attribute -Wno-long-long   conftest.cpp  1>&5
configure:5518: $? = 0
configure:5545: result: yes
configure:5557: checking whether g++ supports -Wno-non-virtual-dtor
configure:5597: rm -rf SunWS_cache; g++ -o conftest -Wno-long-long -Wundef -ansi -D_XOPEN_SOURCE=500 -D_BSD_SOURCE -Wcast-align -Wconversion -Wchar-subscripts -Wall -W -Wpointer-arith -O2   -Wformat-security -Wmissing-format-attribute -Wno-non-virtual-dtor   conftest.cpp  1>&5
configure:5603: $? = 0
configure:5630: result: yes
configure:5662: checking whether g++ supports -fno-reorder-blocks
configure:5702: rm -rf SunWS_cache; g++ -o conftest -Wno-long-long -Wundef -ansi -D_XOPEN_SOURCE=500 -D_BSD_SOURCE -Wcast-align -Wconversion -Wchar-subscripts -Wall -W -Wpointer-arith -O2   -Wformat-security -Wmissing-format-attribute -Wno-non-virtual-dtor -fno-reorder-blocks   conftest.cpp  1>&5
configure:5708: $? = 0
configure:5735: result: yes
configure:5753: checking whether g++ supports -fno-exceptions
configure:5793: rm -rf SunWS_cache; g++ -o conftest -Wno-long-long -Wundef -ansi -D_XOPEN_SOURCE=500 -D_BSD_SOURCE -Wcast-align -Wconversion -Wchar-subscripts -Wall -W -Wpointer-arith -O2   -Wformat-security -Wmissing-format-attribute -Wno-non-virtual-dtor -fno-exceptions   conftest.cpp  1>&5
configure:5799: $? = 0
configure:5826: result: yes
configure:5838: checking whether g++ supports -fno-check-new
configure:5878: rm -rf SunWS_cache; g++ -o conftest -Wno-long-long -Wundef -ansi -D_XOPEN_SOURCE=500 -D_BSD_SOURCE -Wcast-align -Wconversion -Wchar-subscripts -Wall -W -Wpointer-arith -O2   -Wformat-security -Wmissing-format-attribute -Wno-non-virtual-dtor -fno-exceptions -fno-check-new   conftest.cpp  1>&5
configure:5884: $? = 0
configure:5911: result: yes
configure:5923: checking whether g++ supports -fno-common
configure:5963: rm -rf SunWS_cache; g++ -o conftest -Wno-long-long -Wundef -ansi -D_XOPEN_SOURCE=500 -D_BSD_SOURCE -Wcast-align -Wconversion -Wchar-subscripts -Wall -W -Wpointer-arith -O2   -Wformat-security -Wmissing-format-attribute -Wno-non-virtual-dtor -fno-exceptions -fno-check-new -fno-common   conftest.cpp  1>&5
configure:5969: $? = 0
configure:5996: result: yes
configure:6008: checking whether g++ supports -fexceptions
configure:6048: rm -rf SunWS_cache; g++ -o conftest -Wno-long-long -Wundef -ansi -D_XOPEN_SOURCE=500 -D_BSD_SOURCE -Wcast-align -Wconversion -Wchar-subscripts -Wall -W -Wpointer-arith -O2   -Wformat-security -Wmissing-format-attribute -Wno-non-virtual-dtor -fno-exceptions -fno-check-new -fno-common -fexceptions   conftest.cpp  1>&5
configure:6054: $? = 0
configure:6081: result: yes
configure:6124: checking whether system headers can cope with -O2 -fno-inline
configure:6190: result: irrelevant
configure:6828: checking how to run the C++ preprocessor
configure:6864: g++ -E  conftest.cpp
configure:6870: $? = 0
configure:6901: g++ -E  conftest.cpp
conftest.cpp:10:28: error: ac_nonexistent.h: No such file or directory
configure:6907: $? = 1
configure: failed program was:
| /* confdefs.h.  */
| #define PACKAGE_NAME ""
| #define PACKAGE_TARNAME ""
| #define PACKAGE_VERSION ""
| #define PACKAGE_STRING ""
| #define PACKAGE_BUGREPORT ""
| #define PACKAGE "klusters"
| #define VERSION "1.6.2"
| /* end confdefs.h.  */
| #include <ac_nonexistent.h>
configure:6940: result: g++ -E
configure:6969: g++ -E  conftest.cpp
configure:6975: $? = 0
configure:7006: g++ -E  conftest.cpp
conftest.cpp:10:28: error: ac_nonexistent.h: No such file or directory
configure:7012: $? = 1
configure: failed program was:
| /* confdefs.h.  */
| #define PACKAGE_NAME ""
| #define PACKAGE_TARNAME ""
| #define PACKAGE_VERSION ""
| #define PACKAGE_STRING ""
| #define PACKAGE_BUGREPORT ""
| #define PACKAGE "klusters"
| #define VERSION "1.6.2"
| /* end confdefs.h.  */
| #include <ac_nonexistent.h>
configure:7054: checking whether g++ supports -O0
configure:7094: rm -rf SunWS_cache; g++ -o conftest -Wno-long-long -Wundef -ansi -D_XOPEN_SOURCE=500 -D_BSD_SOURCE -Wcast-align -Wconversion -Wchar-subscripts -Wall -W -Wpointer-arith -O2 -Wformat-security -Wmissing-format-attribute -Wno-non-virtual-dtor -fno-exceptions -fno-check-new -fno-common -O0   conftest.cpp  1>&5
configure:7100: $? = 0
configure:7127: result: yes
configure:7392: checking whether g++ supports -Wl,--no-undefined
configure:7432: rm -rf SunWS_cache; g++ -o conftest -Wno-long-long -Wundef -ansi -D_XOPEN_SOURCE=500 -D_BSD_SOURCE -Wcast-align -Wconversion -Wchar-subscripts -Wall -W -Wpointer-arith -O2 -Wformat-security -Wmissing-format-attribute -Wno-non-virtual-dtor -fno-exceptions -fno-check-new -fno-common -Wl,--no-undefined   conftest.cpp  1>&5
configure:7438: $? = 0
configure:7465: result: yes
configure:7469: checking whether g++ supports -Wl,--allow-shlib-undefined
configure:7509: rm -rf SunWS_cache; g++ -o conftest -Wno-long-long -Wundef -ansi -D_XOPEN_SOURCE=500 -D_BSD_SOURCE -Wcast-align -Wconversion -Wchar-subscripts -Wall -W -Wpointer-arith -O2 -Wformat-security -Wmissing-format-attribute -Wno-non-virtual-dtor -fno-exceptions -fno-check-new -fno-common -Wl,--allow-shlib-undefined   conftest.cpp  1>&5
configure:7515: $? = 0
configure:7542: result: yes
configure:7667: result: not using lib directory suffix
configure:7712: checking for a sed that does not truncate output
configure:7766: result: /usr/bin/sed
configure:7769: checking for grep that handles long lines and -e
configure:7843: result: /bin/grep
configure:7848: checking for egrep
configure:7926: result: /bin/grep -E
configure:7942: checking for ld used by gcc
configure:8009: result: /usr/bin/ld
configure:8018: checking if the linker (/usr/bin/ld) is GNU ld
configure:8033: result: yes
configure:8038: checking for /usr/bin/ld option to reload object files
configure:8045: result: -r
configure:8054: checking for BSD-compatible nm
configure:8096: result: /usr/bin/nm -B
configure:8100: checking whether ln -s works
configure:8104: result: yes
configure:8111: checking how to recognise dependent libraries
configure:8318: result: pass_all
configure:8400: gcc -c -std=iso9899:1990 -W -Wall -Wchar-subscripts -Wshadow -Wpointer-arith -Wmissing-prototypes -Wwrite-strings -D_XOPEN_SOURCE=500 -D_BSD_SOURCE -O2   -Wformat-security -Wmissing-format-attribute  conftest.c >&5
configure:8403: $? = 0
configure:8524: checking for ANSI C header files
configure:8554: gcc -c -std=iso9899:1990 -W -Wall -Wchar-subscripts -Wshadow -Wpointer-arith -Wmissing-prototypes -Wwrite-strings -D_XOPEN_SOURCE=500 -D_BSD_SOURCE -O2   -Wformat-security -Wmissing-format-attribute  conftest.c >&5
configure:8560: $? = 0
configure:8659: gcc -o conftest -std=iso9899:1990 -W -Wall -Wchar-subscripts -Wshadow -Wpointer-arith -Wmissing-prototypes -Wwrite-strings -D_XOPEN_SOURCE=500 -D_BSD_SOURCE -O2   -Wformat-security -Wmissing-format-attribute   conftest.c  >&5
configure:8662: $? = 0
configure:8668: ./conftest
configure:8671: $? = 0
configure:8688: result: yes
configure:8712: checking for sys/types.h
configure:8733: gcc -c -std=iso9899:1990 -W -Wall -Wchar-subscripts -Wshadow -Wpointer-arith -Wmissing-prototypes -Wwrite-strings -D_XOPEN_SOURCE=500 -D_BSD_SOURCE -O2   -Wformat-security -Wmissing-format-attribute  conftest.c >&5
configure:8739: $? = 0
configure:8755: result: yes
configure:8712: checking for sys/stat.h
configure:8733: gcc -c -std=iso9899:1990 -W -Wall -Wchar-subscripts -Wshadow -Wpointer-arith -Wmissing-prototypes -Wwrite-strings -D_XOPEN_SOURCE=500 -D_BSD_SOURCE -O2   -Wformat-security -Wmissing-format-attribute  conftest.c >&5
configure:8739: $? = 0
configure:8755: result: yes
configure:8712: checking for stdlib.h
configure:8733: gcc -c -std=iso9899:1990 -W -Wall -Wchar-subscripts -Wshadow -Wpointer-arith -Wmissing-prototypes -Wwrite-strings -D_XOPEN_SOURCE=500 -D_BSD_SOURCE -O2   -Wformat-security -Wmissing-format-attribute  conftest.c >&5
configure:8739: $? = 0
configure:8755: result: yes
configure:8712: checking for string.h
configure:8733: gcc -c -std=iso9899:1990 -W -Wall -Wchar-subscripts -Wshadow -Wpointer-arith -Wmissing-prototypes -Wwrite-strings -D_XOPEN_SOURCE=500 -D_BSD_SOURCE -O2   -Wformat-security -Wmissing-format-attribute  conftest.c >&5
configure:8739: $? = 0
configure:8755: result: yes
configure:8712: checking for memory.h
configure:8733: gcc -c -std=iso9899:1990 -W -Wall -Wchar-subscripts -Wshadow -Wpointer-arith -Wmissing-prototypes -Wwrite-strings -D_XOPEN_SOURCE=500 -D_BSD_SOURCE -O2   -Wformat-security -Wmissing-format-attribute  conftest.c >&5
configure:8739: $? = 0
configure:8755: result: yes
configure:8712: checking for strings.h
configure:8733: gcc -c -std=iso9899:1990 -W -Wall -Wchar-subscripts -Wshadow -Wpointer-arith -Wmissing-prototypes -Wwrite-strings -D_XOPEN_SOURCE=500 -D_BSD_SOURCE -O2   -Wformat-security -Wmissing-format-attribute  conftest.c >&5
configure:8739: $? = 0
configure:8755: result: yes
configure:8712: checking for inttypes.h
configure:8733: gcc -c -std=iso9899:1990 -W -Wall -Wchar-subscripts -Wshadow -Wpointer-arith -Wmissing-prototypes -Wwrite-strings -D_XOPEN_SOURCE=500 -D_BSD_SOURCE -O2   -Wformat-security -Wmissing-format-attribute  conftest.c >&5
configure:8739: $? = 0
configure:8755: result: yes
configure:8712: checking for stdint.h
configure:8733: gcc -c -std=iso9899:1990 -W -Wall -Wchar-subscripts -Wshadow -Wpointer-arith -Wmissing-prototypes -Wwrite-strings -D_XOPEN_SOURCE=500 -D_BSD_SOURCE -O2   -Wformat-security -Wmissing-format-attribute  conftest.c >&5
configure:8739: $? = 0
configure:8755: result: yes
configure:8712: checking for unistd.h
configure:8733: gcc -c -std=iso9899:1990 -W -Wall -Wchar-subscripts -Wshadow -Wpointer-arith -Wmissing-prototypes -Wwrite-strings -D_XOPEN_SOURCE=500 -D_BSD_SOURCE -O2   -Wformat-security -Wmissing-format-attribute  conftest.c >&5
configure:8739: $? = 0
configure:8755: result: yes
configure:8782: checking dlfcn.h usability
configure:8799: gcc -c -std=iso9899:1990 -W -Wall -Wchar-subscripts -Wshadow -Wpointer-arith -Wmissing-prototypes -Wwrite-strings -D_XOPEN_SOURCE=500 -D_BSD_SOURCE -O2   -Wformat-security -Wmissing-format-attribute  conftest.c >&5
configure:8805: $? = 0
configure:8819: result: yes
configure:8823: checking dlfcn.h presence
configure:8838: gcc -E  conftest.c
configure:8844: $? = 0
configure:8858: result: yes
configure:8886: checking for dlfcn.h
configure:8894: result: yes
configure:8960: checking for g77
configure:8990: result: no
configure:8960: checking for xlf
configure:8990: result: no
configure:8960: checking for f77
configure:8990: result: no
configure:8960: checking for frt
configure:8990: result: no
configure:8960: checking for pgf77
configure:8990: result: no
configure:8960: checking for cf77
configure:8990: result: no
configure:8960: checking for fort77
configure:8990: result: no
configure:8960: checking for fl32
configure:8990: result: no
configure:8960: checking for af77
configure:8990: result: no
configure:8960: checking for xlf90
configure:8990: result: no
configure:8960: checking for f90
configure:8990: result: no
configure:8960: checking for pgf90
configure:8990: result: no
configure:8960: checking for pghpf
configure:8990: result: no
configure:8960: checking for epcf90
configure:8990: result: no
configure:8960: checking for gfortran
configure:8990: result: no
configure:8960: checking for g95
configure:8990: result: no
configure:8960: checking for xlf95
configure:8990: result: no
configure:8960: checking for f95
configure:8990: result: no
configure:8960: checking for fort
configure:8990: result: no
configure:8960: checking for ifort
configure:8990: result: no
configure:8960: checking for ifc
configure:8990: result: no
configure:8960: checking for efc
configure:8990: result: no
configure:8960: checking for pgf95
configure:8990: result: no
configure:8960: checking for lf95
configure:8990: result: no
configure:8960: checking for ftn
configure:8990: result: no
configure:9017: checking for Fortran 77 compiler version
configure:9024:  --version >&5
./configure: line 9025: --version: command not found
configure:9027: $? = 127
configure:9034:  -v >&5
./configure: line 9035: -v: command not found
configure:9037: $? = 127
configure:9044:  -V >&5
./configure: line 9045: -V: command not found
configure:9047: $? = 127
configure:9055: checking whether we are using the GNU Fortran 77 compiler
configure:9074:  -c  conftest.F >&5
./configure: line 9075: -c: command not found
configure:9080: $? = 127
configure: failed program was:
|       program main
| #ifndef __GNUC__
|        choke me
| #endif
| 
|       end
configure:9097: result: no
configure:9103: checking whether  accepts -g
configure:9120:  -c -g conftest.f >&5
./configure: line 9121: -c: command not found
configure:9126: $? = 127
configure: failed program was:
|       program main
| 
|       end
configure:9142: result: no
configure:9172: checking the maximum length of command line arguments
configure:9231: result: 32768
configure:9242: checking command to parse /usr/bin/nm -B output from gcc object
configure:9331: gcc -c -std=iso9899:1990 -W -Wall -Wchar-subscripts -Wshadow -Wpointer-arith -Wmissing-prototypes -Wwrite-strings -D_XOPEN_SOURCE=500 -D_BSD_SOURCE -O2   -Wformat-security -Wmissing-format-attribute  conftest.c >&5
conftest.c:5: warning: no previous prototype for 'nm_test_func'
configure:9334: $? = 0
configure:9338: /usr/bin/nm -B conftest.o \| sed -n -e 's/^.*[ 	]\([ABCDGISTW][ABCDGISTW]*\)[ 	][ 	]*\(\)\([_A-Za-z][_A-Za-z0-9]*\)$/\1 \2\3 \3/p' \> conftest.nm
configure:9341: $? = 0
configure:9393: gcc -o conftest -std=iso9899:1990 -W -Wall -Wchar-subscripts -Wshadow -Wpointer-arith -Wmissing-prototypes -Wwrite-strings -D_XOPEN_SOURCE=500 -D_BSD_SOURCE -O2   -Wformat-security -Wmissing-format-attribute   conftest.c conftstm.o >&5
configure:9396: $? = 0
configure:9434: result: ok
configure:9438: checking for objdir
configure:9453: result: .libs
configure:9545: checking for ar
configure:9561: found /usr/bin/ar
configure:9572: result: ar
configure:9641: checking for ranlib
configure:9657: found /usr/bin/ranlib
configure:9668: result: ranlib
configure:9737: checking for strip
configure:9753: found /usr/bin/strip
configure:9764: result: strip
configure:10040: checking if gcc static flag  works
configure:10063: result: yes
configure:10085: checking if gcc supports -fno-rtti -fno-exceptions
configure:10103: gcc -c -std=iso9899:1990 -W -Wall -Wchar-subscripts -Wshadow -Wpointer-arith -Wmissing-prototypes -Wwrite-strings -D_XOPEN_SOURCE=500 -D_BSD_SOURCE -O2   -Wformat-security -Wmissing-format-attribute  -fno-rtti -fno-exceptions conftest.c >&5
cc1: warning: command line option "-fno-rtti" is valid for C++/ObjC++ but not for C
configure:10107: $? = 0
configure:10118: result: no
configure:10133: checking for gcc option to produce PIC
configure:10310: result: -fPIC
configure:10318: checking if gcc PIC flag -fPIC works
configure:10336: gcc -c -std=iso9899:1990 -W -Wall -Wchar-subscripts -Wshadow -Wpointer-arith -Wmissing-prototypes -Wwrite-strings -D_XOPEN_SOURCE=500 -D_BSD_SOURCE -O2   -Wformat-security -Wmissing-format-attribute  -fPIC -DPIC conftest.c >&5
configure:10340: $? = 0
configure:10351: result: yes
configure:10375: checking if gcc supports -c -o file.o
configure:10403: gcc -c -std=iso9899:1990 -W -Wall -Wchar-subscripts -Wshadow -Wpointer-arith -Wmissing-prototypes -Wwrite-strings -D_XOPEN_SOURCE=500 -D_BSD_SOURCE -O2   -Wformat-security -Wmissing-format-attribute  -o out/conftest2.o conftest.c >&5
configure:10407: $? = 0
configure:10424: result: yes
configure:10450: checking whether the gcc linker (/usr/bin/ld -m elf_x86_64) supports shared libraries
configure:11258: result: yes
configure:11284: checking whether -lc should be explicitly linked in
configure:11289: gcc -c -std=iso9899:1990 -W -Wall -Wchar-subscripts -Wshadow -Wpointer-arith -Wmissing-prototypes -Wwrite-strings -D_XOPEN_SOURCE=500 -D_BSD_SOURCE -O2   -Wformat-security -Wmissing-format-attribute  conftest.c >&5
configure:11292: $? = 0
configure:11306: gcc -shared -v conftest.o  -Wl,-soname -Wl,conftest -o conftest 2\>\&1 \| grep  -lc  \>/dev/null 2\>\&1
configure:11309: $? = 0
configure:11321: result: no
configure:11329: checking dynamic linker characteristics
configure:11847: result: GNU/Linux ld.so
configure:11851: checking how to hardcode library paths into programs
configure:11876: result: immediate
configure:11890: checking whether stripping libraries is possible
configure:11895: result: yes
configure:12018: checking for shl_load
configure:12074: gcc -o conftest -std=iso9899:1990 -W -Wall -Wchar-subscripts -Wshadow -Wpointer-arith -Wmissing-prototypes -Wwrite-strings -D_XOPEN_SOURCE=500 -D_BSD_SOURCE -O2   -Wformat-security -Wmissing-format-attribute   conftest.c  >&5
/tmp/ccEBt8H6.o: In function `main':
conftest.c:(.text+0x7): undefined reference to `shl_load'
collect2: ld returned 1 exit status
configure:12080: $? = 1
configure: failed program was:
| /* confdefs.h.  */
| #define PACKAGE_NAME ""
| #define PACKAGE_TARNAME ""
| #define PACKAGE_VERSION ""
| #define PACKAGE_STRING ""
| #define PACKAGE_BUGREPORT ""
| #define PACKAGE "klusters"
| #define VERSION "1.6.2"
| #define KDELIBSUFF ""
| #define STDC_HEADERS 1
| #define HAVE_SYS_TYPES_H 1
| #define HAVE_SYS_STAT_H 1
| #define HAVE_STDLIB_H 1
| #define HAVE_STRING_H 1
| #define HAVE_MEMORY_H 1
| #define HAVE_STRINGS_H 1
| #define HAVE_INTTYPES_H 1
| #define HAVE_STDINT_H 1
| #define HAVE_UNISTD_H 1
| #define HAVE_DLFCN_H 1
| /* end confdefs.h.  */
| /* Define shl_load to an innocuous variant, in case <limits.h> declares shl_load.
|    For example, HP-UX 11i <limits.h> declares gettimeofday.  */
| #define shl_load innocuous_shl_load
| 
| /* System header to define __stub macros and hopefully few prototypes,
|     which can conflict with char shl_load (); below.
|     Prefer <limits.h> to <assert.h> if __STDC__ is defined, since
|     <limits.h> exists even on freestanding compilers.  */
| 
| #ifdef __STDC__
| # include <limits.h>
| #else
| # include <assert.h>
| #endif
| 
| #undef shl_load
| 
| /* Override any GCC internal prototype to avoid an error.
|    Use char because int might match the return type of a GCC
|    builtin and then its argument prototype would still apply.  */
| #ifdef __cplusplus
| extern "C"
| #endif
| char shl_load ();
| /* The GNU C library defines this for functions which it implements
|     to always fail with ENOSYS.  Some functions are actually named
|     something starting with __ and the normal name is an alias.  */
| #if defined __stub_shl_load || defined __stub___shl_load
| choke me
| #endif
| 
| int
| main ()
| {
| return shl_load ();
|   ;
|   return 0;
| }
configure:12097: result: no
configure:12102: checking for shl_load in -ldld
configure:12137: gcc -o conftest -std=iso9899:1990 -W -Wall -Wchar-subscripts -Wshadow -Wpointer-arith -Wmissing-prototypes -Wwrite-strings -D_XOPEN_SOURCE=500 -D_BSD_SOURCE -O2   -Wformat-security -Wmissing-format-attribute   conftest.c -ldld   >&5
/usr/bin/ld: cannot find -ldld
collect2: ld returned 1 exit status
configure:12143: $? = 1
configure: failed program was:
| /* confdefs.h.  */
| #define PACKAGE_NAME ""
| #define PACKAGE_TARNAME ""
| #define PACKAGE_VERSION ""
| #define PACKAGE_STRING ""
| #define PACKAGE_BUGREPORT ""
| #define PACKAGE "klusters"
| #define VERSION "1.6.2"
| #define KDELIBSUFF ""
| #define STDC_HEADERS 1
| #define HAVE_SYS_TYPES_H 1
| #define HAVE_SYS_STAT_H 1
| #define HAVE_STDLIB_H 1
| #define HAVE_STRING_H 1
| #define HAVE_MEMORY_H 1
| #define HAVE_STRINGS_H 1
| #define HAVE_INTTYPES_H 1
| #define HAVE_STDINT_H 1
| #define HAVE_UNISTD_H 1
| #define HAVE_DLFCN_H 1
| /* end confdefs.h.  */
| 
| /* Override any GCC internal prototype to avoid an error.
|    Use char because int might match the return type of a GCC
|    builtin and then its argument prototype would still apply.  */
| #ifdef __cplusplus
| extern "C"
| #endif
| char shl_load ();
| int
| main ()
| {
| return shl_load ();
|   ;
|   return 0;
| }
configure:12161: result: no
configure:12166: checking for dlopen
configure:12222: gcc -o conftest -std=iso9899:1990 -W -Wall -Wchar-subscripts -Wshadow -Wpointer-arith -Wmissing-prototypes -Wwrite-strings -D_XOPEN_SOURCE=500 -D_BSD_SOURCE -O2   -Wformat-security -Wmissing-format-attribute   conftest.c  >&5
/tmp/ccCdV75b.o: In function `main':
conftest.c:(.text+0x7): undefined reference to `dlopen'
collect2: ld returned 1 exit status
configure:12228: $? = 1
configure: failed program was:
| /* confdefs.h.  */
| #define PACKAGE_NAME ""
| #define PACKAGE_TARNAME ""
| #define PACKAGE_VERSION ""
| #define PACKAGE_STRING ""
| #define PACKAGE_BUGREPORT ""
| #define PACKAGE "klusters"
| #define VERSION "1.6.2"
| #define KDELIBSUFF ""
| #define STDC_HEADERS 1
| #define HAVE_SYS_TYPES_H 1
| #define HAVE_SYS_STAT_H 1
| #define HAVE_STDLIB_H 1
| #define HAVE_STRING_H 1
| #define HAVE_MEMORY_H 1
| #define HAVE_STRINGS_H 1
| #define HAVE_INTTYPES_H 1
| #define HAVE_STDINT_H 1
| #define HAVE_UNISTD_H 1
| #define HAVE_DLFCN_H 1
| /* end confdefs.h.  */
| /* Define dlopen to an innocuous variant, in case <limits.h> declares dlopen.
|    For example, HP-UX 11i <limits.h> declares gettimeofday.  */
| #define dlopen innocuous_dlopen
| 
| /* System header to define __stub macros and hopefully few prototypes,
|     which can conflict with char dlopen (); below.
|     Prefer <limits.h> to <assert.h> if __STDC__ is defined, since
|     <limits.h> exists even on freestanding compilers.  */
| 
| #ifdef __STDC__
| # include <limits.h>
| #else
| # include <assert.h>
| #endif
| 
| #undef dlopen
| 
| /* Override any GCC internal prototype to avoid an error.
|    Use char because int might match the return type of a GCC
|    builtin and then its argument prototype would still apply.  */
| #ifdef __cplusplus
| extern "C"
| #endif
| char dlopen ();
| /* The GNU C library defines this for functions which it implements
|     to always fail with ENOSYS.  Some functions are actually named
|     something starting with __ and the normal name is an alias.  */
| #if defined __stub_dlopen || defined __stub___dlopen
| choke me
| #endif
| 
| int
| main ()
| {
| return dlopen ();
|   ;
|   return 0;
| }
configure:12245: result: no
configure:12250: checking for dlopen in -ldl
configure:12285: gcc -o conftest -std=iso9899:1990 -W -Wall -Wchar-subscripts -Wshadow -Wpointer-arith -Wmissing-prototypes -Wwrite-strings -D_XOPEN_SOURCE=500 -D_BSD_SOURCE -O2   -Wformat-security -Wmissing-format-attribute   conftest.c -ldl   >&5
configure:12291: $? = 0
configure:12309: result: yes
configure:12478: checking whether a program can dlopen itself
configure:12550: gcc -o conftest -std=iso9899:1990 -W -Wall -Wchar-subscripts -Wshadow -Wpointer-arith -Wmissing-prototypes -Wwrite-strings -D_XOPEN_SOURCE=500 -D_BSD_SOURCE -O2   -Wformat-security -Wmissing-format-attribute  -DHAVE_DLFCN_H  -Wl,--export-dynamic conftest.c -ldl  >&5
configure:12533: warning: no previous prototype for 'fnord'
configure: In function 'fnord':
configure:12533: warning: unused variable 'i'
configure: In function 'main':
configure:12546: warning: implicit declaration of function 'exit'
configure:12546: warning: incompatible implicit declaration of built-in function 'exit'
configure:12553: $? = 0
configure:12571: result: yes
configure:12576: checking whether a statically linked program can dlopen itself
configure:12648: gcc -o conftest -std=iso9899:1990 -W -Wall -Wchar-subscripts -Wshadow -Wpointer-arith -Wmissing-prototypes -Wwrite-strings -D_XOPEN_SOURCE=500 -D_BSD_SOURCE -O2   -Wformat-security -Wmissing-format-attribute  -DHAVE_DLFCN_H  -Wl,--export-dynamic  conftest.c -ldl  >&5
configure:12631: warning: no previous prototype for 'fnord'
configure: In function 'fnord':
configure:12631: warning: unused variable 'i'
configure: In function 'main':
configure:12644: warning: implicit declaration of function 'exit'
configure:12644: warning: incompatible implicit declaration of built-in function 'exit'
configure:12651: $? = 0
configure:12669: result: yes
configure:12692: checking if libtool supports shared libraries
configure:12694: result: yes
configure:12697: checking whether to build shared libraries
configure:12755: result: yes
configure:12758: checking whether to build static libraries
configure:12762: result: no
configure:12853: creating libtool
configure:13397: checking for ld used by g++
configure:13464: result: /usr/bin/ld -m elf_x86_64
configure:13473: checking if the linker (/usr/bin/ld -m elf_x86_64) is GNU ld
configure:13488: result: yes
configure:13539: checking whether the g++ linker (/usr/bin/ld -m elf_x86_64) supports shared libraries
configure:14349: result: yes
configure:14371: g++ -c -Wno-long-long -Wundef -ansi -D_XOPEN_SOURCE=500 -D_BSD_SOURCE -Wcast-align -Wconversion -Wchar-subscripts -Wall -W -Wpointer-arith -O2 -Wformat-security -Wmissing-format-attribute -Wno-non-virtual-dtor -fno-exceptions -fno-check-new -fno-common  conftest.cc >&5
configure:14374: $? = 0
configure:14470: checking for g++ option to produce PIC
configure:14722: result: -fPIC
configure:14730: checking if g++ PIC flag -fPIC works
configure:14748: g++ -c -Wno-long-long -Wundef -ansi -D_XOPEN_SOURCE=500 -D_BSD_SOURCE -Wcast-align -Wconversion -Wchar-subscripts -Wall -W -Wpointer-arith -O2 -Wformat-security -Wmissing-format-attribute -Wno-non-virtual-dtor -fno-exceptions -fno-check-new -fno-common  -fPIC -DPIC conftest.cc >&5
configure:14752: $? = 0
configure:14763: result: yes
configure:14787: checking if g++ supports -c -o file.o
configure:14815: g++ -c -Wno-long-long -Wundef -ansi -D_XOPEN_SOURCE=500 -D_BSD_SOURCE -Wcast-align -Wconversion -Wchar-subscripts -Wall -W -Wpointer-arith -O2 -Wformat-security -Wmissing-format-attribute -Wno-non-virtual-dtor -fno-exceptions -fno-check-new -fno-common  -o out/conftest2.o conftest.cc >&5
configure:14819: $? = 0
configure:14836: result: yes
configure:14862: checking whether the g++ linker (/usr/bin/ld -m elf_x86_64) supports shared libraries
configure:14887: result: yes
configure:14958: checking dynamic linker characteristics
configure:15476: result: GNU/Linux ld.so
configure:15480: checking how to hardcode library paths into programs
configure:15505: result: immediate
configure:15519: checking whether stripping libraries is possible
configure:15524: result: yes
configure:15647: checking for shl_load
configure:15726: result: no
configure:15731: checking for shl_load in -ldld
configure:15790: result: no
configure:15795: checking for dlopen
configure:15874: result: no
configure:15879: checking for dlopen in -ldl
configure:15938: result: yes
configure:16107: checking whether a program can dlopen itself
configure:16200: result: yes
configure:16205: checking whether a statically linked program can dlopen itself
configure:16298: result: yes
configure:22595: checking for msgfmt
configure:22622: result: /usr/bin/msgfmt
configure:22631: checking for gmsgfmt
configure:22662: result: /usr/bin/msgfmt
configure:22682: checking for xgettext
configure:22709: result: /usr/bin/xgettext
configure:22828: checking if C++ programs can be compiled
configure:22862: g++ -c -Wno-long-long -Wundef -ansi -D_XOPEN_SOURCE=500 -D_BSD_SOURCE -Wcast-align -Wconversion -Wchar-subscripts -Wall -W -Wpointer-arith -O2 -Wformat-security -Wmissing-format-attribute -Wno-non-virtual-dtor  -fno-check-new -fno-common  conftest.cpp >&5
configure:22868: $? = 0
configure:22886: result: yes
configure:22916: checking for strlcat
configure:22968: g++ -c -Wno-long-long -Wundef -ansi -D_XOPEN_SOURCE=500 -D_BSD_SOURCE -Wcast-align -Wconversion -Wchar-subscripts -Wall -W -Wpointer-arith -O2 -Wformat-security -Wmissing-format-attribute -Wno-non-virtual-dtor -fno-exceptions -fno-check-new -fno-common -pedantic-errors  conftest.cpp >&5
conftest.cpp: In function 'int main()':
conftest.cpp:34: error: 'strlcat' was not declared in this scope
configure:22974: $? = 1
configure: failed program was:
| /* confdefs.h.  */
| #define PACKAGE_NAME ""
| #define PACKAGE_TARNAME ""
| #define PACKAGE_VERSION ""
| #define PACKAGE_STRING ""
| #define PACKAGE_BUGREPORT ""
| #define PACKAGE "klusters"
| #define VERSION "1.6.2"
| #define KDELIBSUFF ""
| #define STDC_HEADERS 1
| #define HAVE_SYS_TYPES_H 1
| #define HAVE_SYS_STAT_H 1
| #define HAVE_STDLIB_H 1
| #define HAVE_STRING_H 1
| #define HAVE_MEMORY_H 1
| #define HAVE_STRINGS_H 1
| #define HAVE_INTTYPES_H 1
| #define HAVE_STDINT_H 1
| #define HAVE_UNISTD_H 1
| #define HAVE_DLFCN_H 1
| #define HAVE_SGI_STL 1
| /* end confdefs.h.  */
| 
| 
| #include <string.h>
| 
| 
| int
| main ()
| {
| 
|  char buf[20];
|   buf[0]='\0';
|   strlcat(buf, "KDE function test", sizeof(buf));
| 
| 
|   ;
|   return 0;
| }
configure:23000: result: no
configure:23003: checking if strlcat needs custom prototype
configure:23103: result: yes - in libkdefakes
configure:23128: checking for strlcpy
configure:23179: g++ -c -Wno-long-long -Wundef -ansi -D_XOPEN_SOURCE=500 -D_BSD_SOURCE -Wcast-align -Wconversion -Wchar-subscripts -Wall -W -Wpointer-arith -O2 -Wformat-security -Wmissing-format-attribute -Wno-non-virtual-dtor -fno-exceptions -fno-check-new -fno-common -pedantic-errors  conftest.cpp >&5
conftest.cpp: In function 'int main()':
conftest.cpp:33: error: 'strlcpy' was not declared in this scope
configure:23185: $? = 1
configure: failed program was:
| /* confdefs.h.  */
| #define PACKAGE_NAME ""
| #define PACKAGE_TARNAME ""
| #define PACKAGE_VERSION ""
| #define PACKAGE_STRING ""
| #define PACKAGE_BUGREPORT ""
| #define PACKAGE "klusters"
| #define VERSION "1.6.2"
| #define KDELIBSUFF ""
| #define STDC_HEADERS 1
| #define HAVE_SYS_TYPES_H 1
| #define HAVE_SYS_STAT_H 1
| #define HAVE_STDLIB_H 1
| #define HAVE_STRING_H 1
| #define HAVE_MEMORY_H 1
| #define HAVE_STRINGS_H 1
| #define HAVE_INTTYPES_H 1
| #define HAVE_STDINT_H 1
| #define HAVE_UNISTD_H 1
| #define HAVE_DLFCN_H 1
| #define HAVE_SGI_STL 1
| /* end confdefs.h.  */
| 
| 
| #include <string.h>
| 
| 
| int
| main ()
| {
| 
|  char buf[20];
|   strlcpy(buf, "KDE function test", sizeof(buf));
| 
| 
|   ;
|   return 0;
| }
configure:23211: result: no
configure:23214: checking if strlcpy needs custom prototype
configure:23313: result: yes - in libkdefakes
configure:23337: checking for main in -lutil
configure:23366: gcc -o conftest -std=iso9899:1990 -W -Wall -Wchar-subscripts -Wshadow -Wpointer-arith -Wmissing-prototypes -Wwrite-strings -D_XOPEN_SOURCE=500 -D_BSD_SOURCE -O2   -Wformat-security -Wmissing-format-attribute   conftest.c -lutil   >&5
configure:23372: $? = 0
configure:23390: result: yes
configure:23396: checking for main in -lcompat
configure:23425: gcc -o conftest -std=iso9899:1990 -W -Wall -Wchar-subscripts -Wshadow -Wpointer-arith -Wmissing-prototypes -Wwrite-strings -D_XOPEN_SOURCE=500 -D_BSD_SOURCE -O2   -Wformat-security -Wmissing-format-attribute   conftest.c -lcompat   >&5
/usr/bin/ld: cannot find -lcompat
collect2: ld returned 1 exit status
configure:23431: $? = 1
configure: failed program was:
| /* confdefs.h.  */
| #define PACKAGE_NAME ""
| #define PACKAGE_TARNAME ""
| #define PACKAGE_VERSION ""
| #define PACKAGE_STRING ""
| #define PACKAGE_BUGREPORT ""
| #define PACKAGE "klusters"
| #define VERSION "1.6.2"
| #define KDELIBSUFF ""
| #define STDC_HEADERS 1
| #define HAVE_SYS_TYPES_H 1
| #define HAVE_SYS_STAT_H 1
| #define HAVE_STDLIB_H 1
| #define HAVE_STRING_H 1
| #define HAVE_MEMORY_H 1
| #define HAVE_STRINGS_H 1
| #define HAVE_INTTYPES_H 1
| #define HAVE_STDINT_H 1
| #define HAVE_UNISTD_H 1
| #define HAVE_DLFCN_H 1
| #define HAVE_SGI_STL 1
| /* end confdefs.h.  */
| 
| 
| int
| main ()
| {
| return main ();
|   ;
|   return 0;
| }
configure:23449: result: no
configure:23456: checking for crypt in -lcrypt
configure:23491: gcc -o conftest -std=iso9899:1990 -W -Wall -Wchar-subscripts -Wshadow -Wpointer-arith -Wmissing-prototypes -Wwrite-strings -D_XOPEN_SOURCE=500 -D_BSD_SOURCE -O2   -Wformat-security -Wmissing-format-attribute   conftest.c -lcrypt   >&5
configure:23497: $? = 0
configure:23515: result: yes
configure:23606: checking for socklen_t
configure:23646: g++ -c -Wno-long-long -Wundef -ansi -D_XOPEN_SOURCE=500 -D_BSD_SOURCE -Wcast-align -Wconversion -Wchar-subscripts -Wall -W -Wpointer-arith -O2 -Wformat-security -Wmissing-format-attribute -Wno-non-virtual-dtor -fno-exceptions -fno-check-new -fno-common  conftest.cpp >&5
configure:23652: $? = 0
configure:23678: result: yes
configure:23769: checking for dnet_ntoa in -ldnet
configure:23804: gcc -o conftest -std=iso9899:1990 -W -Wall -Wchar-subscripts -Wshadow -Wpointer-arith -Wmissing-prototypes -Wwrite-strings -D_XOPEN_SOURCE=500 -D_BSD_SOURCE -O2   -Wformat-security -Wmissing-format-attribute   conftest.c -ldnet   >&5
/usr/bin/ld: cannot find -ldnet
collect2: ld returned 1 exit status
configure:23810: $? = 1
configure: failed program was:
| /* confdefs.h.  */
| #define PACKAGE_NAME ""
| #define PACKAGE_TARNAME ""
| #define PACKAGE_VERSION ""
| #define PACKAGE_STRING ""
| #define PACKAGE_BUGREPORT ""
| #define PACKAGE "klusters"
| #define VERSION "1.6.2"
| #define KDELIBSUFF ""
| #define STDC_HEADERS 1
| #define HAVE_SYS_TYPES_H 1
| #define HAVE_SYS_STAT_H 1
| #define HAVE_STDLIB_H 1
| #define HAVE_STRING_H 1
| #define HAVE_MEMORY_H 1
| #define HAVE_STRINGS_H 1
| #define HAVE_INTTYPES_H 1
| #define HAVE_STDINT_H 1
| #define HAVE_UNISTD_H 1
| #define HAVE_DLFCN_H 1
| #define HAVE_SGI_STL 1
| #define HAVE_CRYPT 1
| #define kde_socklen_t socklen_t
| #define ksize_t socklen_t
| /* end confdefs.h.  */
| 
| /* Override any GCC internal prototype to avoid an error.
|    Use char because int might match the return type of a GCC
|    builtin and then its argument prototype would still apply.  */
| #ifdef __cplusplus
| extern "C"
| #endif
| char dnet_ntoa ();
| int
| main ()
| {
| return dnet_ntoa ();
|   ;
|   return 0;
| }
configure:23828: result: no
configure:23835: checking for dnet_ntoa in -ldnet_stub
configure:23870: gcc -o conftest -std=iso9899:1990 -W -Wall -Wchar-subscripts -Wshadow -Wpointer-arith -Wmissing-prototypes -Wwrite-strings -D_XOPEN_SOURCE=500 -D_BSD_SOURCE -O2   -Wformat-security -Wmissing-format-attribute   conftest.c -ldnet_stub   >&5
/usr/bin/ld: cannot find -ldnet_stub
collect2: ld returned 1 exit status
configure:23876: $? = 1
configure: failed program was:
| /* confdefs.h.  */
| #define PACKAGE_NAME ""
| #define PACKAGE_TARNAME ""
| #define PACKAGE_VERSION ""
| #define PACKAGE_STRING ""
| #define PACKAGE_BUGREPORT ""
| #define PACKAGE "klusters"
| #define VERSION "1.6.2"
| #define KDELIBSUFF ""
| #define STDC_HEADERS 1
| #define HAVE_SYS_TYPES_H 1
| #define HAVE_SYS_STAT_H 1
| #define HAVE_STDLIB_H 1
| #define HAVE_STRING_H 1
| #define HAVE_MEMORY_H 1
| #define HAVE_STRINGS_H 1
| #define HAVE_INTTYPES_H 1
| #define HAVE_STDINT_H 1
| #define HAVE_UNISTD_H 1
| #define HAVE_DLFCN_H 1
| #define HAVE_SGI_STL 1
| #define HAVE_CRYPT 1
| #define kde_socklen_t socklen_t
| #define ksize_t socklen_t
| /* end confdefs.h.  */
| 
| /* Override any GCC internal prototype to avoid an error.
|    Use char because int might match the return type of a GCC
|    builtin and then its argument prototype would still apply.  */
| #ifdef __cplusplus
| extern "C"
| #endif
| char dnet_ntoa ();
| int
| main ()
| {
| return dnet_ntoa ();
|   ;
|   return 0;
| }
configure:23894: result: no
configure:23901: checking for inet_ntoa
configure:23957: gcc -o conftest -std=iso9899:1990 -W -Wall -Wchar-subscripts -Wshadow -Wpointer-arith -Wmissing-prototypes -Wwrite-strings -D_XOPEN_SOURCE=500 -D_BSD_SOURCE -O2   -Wformat-security -Wmissing-format-attribute   conftest.c  >&5
configure:23963: $? = 0
configure:23980: result: yes
configure:24050: checking for connect
configure:24106: gcc -o conftest -std=iso9899:1990 -W -Wall -Wchar-subscripts -Wshadow -Wpointer-arith -Wmissing-prototypes -Wwrite-strings -D_XOPEN_SOURCE=500 -D_BSD_SOURCE -O2   -Wformat-security -Wmissing-format-attribute   conftest.c  >&5
configure:24112: $? = 0
configure:24129: result: yes
configure:24200: checking for remove
configure:24256: gcc -o conftest -std=iso9899:1990 -W -Wall -Wchar-subscripts -Wshadow -Wpointer-arith -Wmissing-prototypes -Wwrite-strings -D_XOPEN_SOURCE=500 -D_BSD_SOURCE -O2   -Wformat-security -Wmissing-format-attribute   conftest.c  >&5
configure:24262: $? = 0
configure:24279: result: yes
configure:24351: checking for shmat
configure:24407: gcc -o conftest -std=iso9899:1990 -W -Wall -Wchar-subscripts -Wshadow -Wpointer-arith -Wmissing-prototypes -Wwrite-strings -D_XOPEN_SOURCE=500 -D_BSD_SOURCE -O2   -Wformat-security -Wmissing-format-attribute   conftest.c  >&5
configure:24413: $? = 0
configure:24430: result: yes
configure:24510: checking for sys/types.h
configure:24516: result: yes
configure:24510: checking for stdint.h
configure:24516: result: yes
configure:24662: checking sys/bitypes.h usability
configure:24679: gcc -c -std=iso9899:1990 -W -Wall -Wchar-subscripts -Wshadow -Wpointer-arith -Wmissing-prototypes -Wwrite-strings -D_XOPEN_SOURCE=500 -D_BSD_SOURCE -O2   -Wformat-security -Wmissing-format-attribute  conftest.c >&5
configure:24685: $? = 0
configure:24699: result: yes
configure:24703: checking sys/bitypes.h presence
configure:24718: gcc -E  conftest.c
configure:24724: $? = 0
configure:24738: result: yes
configure:24766: checking for sys/bitypes.h
configure:24774: result: yes
configure:24789: checking for poll in -lpoll
configure:24824: gcc -o conftest -std=iso9899:1990 -W -Wall -Wchar-subscripts -Wshadow -Wpointer-arith -Wmissing-prototypes -Wwrite-strings -D_XOPEN_SOURCE=500 -D_BSD_SOURCE -O2   -Wformat-security -Wmissing-format-attribute   conftest.c -lpoll   >&5
/usr/bin/ld: cannot find -lpoll
collect2: ld returned 1 exit status
configure:24830: $? = 1
configure: failed program was:
| /* confdefs.h.  */
| #define PACKAGE_NAME ""
| #define PACKAGE_TARNAME ""
| #define PACKAGE_VERSION ""
| #define PACKAGE_STRING ""
| #define PACKAGE_BUGREPORT ""
| #define PACKAGE "klusters"
| #define VERSION "1.6.2"
| #define KDELIBSUFF ""
| #define STDC_HEADERS 1
| #define HAVE_SYS_TYPES_H 1
| #define HAVE_SYS_STAT_H 1
| #define HAVE_STDLIB_H 1
| #define HAVE_STRING_H 1
| #define HAVE_MEMORY_H 1
| #define HAVE_STRINGS_H 1
| #define HAVE_INTTYPES_H 1
| #define HAVE_STDINT_H 1
| #define HAVE_UNISTD_H 1
| #define HAVE_DLFCN_H 1
| #define HAVE_SGI_STL 1
| #define HAVE_CRYPT 1
| #define kde_socklen_t socklen_t
| #define ksize_t socklen_t
| #define HAVE_SYS_TYPES_H 1
| #define HAVE_STDINT_H 1
| #define HAVE_SYS_BITYPES_H 1
| /* end confdefs.h.  */
| 
| /* Override any GCC internal prototype to avoid an error.
|    Use char because int might match the return type of a GCC
|    builtin and then its argument prototype would still apply.  */
| #ifdef __cplusplus
| extern "C"
| #endif
| char poll ();
| int
| main ()
| {
| return poll ();
|   ;
|   return 0;
| }
configure:24848: result: no
configure:24871: checking Carbon/Carbon.h usability
configure:24888: gcc -c -std=iso9899:1990 -W -Wall -Wchar-subscripts -Wshadow -Wpointer-arith -Wmissing-prototypes -Wwrite-strings -D_XOPEN_SOURCE=500 -D_BSD_SOURCE -O2   -Wformat-security -Wmissing-format-attribute  conftest.c >&5
conftest.c:62:27: error: Carbon/Carbon.h: No such file or directory
configure:24894: $? = 1
configure: failed program was:
| /* confdefs.h.  */
| #define PACKAGE_NAME ""
| #define PACKAGE_TARNAME ""
| #define PACKAGE_VERSION ""
| #define PACKAGE_STRING ""
| #define PACKAGE_BUGREPORT ""
| #define PACKAGE "klusters"
| #define VERSION "1.6.2"
| #define KDELIBSUFF ""
| #define STDC_HEADERS 1
| #define HAVE_SYS_TYPES_H 1
| #define HAVE_SYS_STAT_H 1
| #define HAVE_STDLIB_H 1
| #define HAVE_STRING_H 1
| #define HAVE_MEMORY_H 1
| #define HAVE_STRINGS_H 1
| #define HAVE_INTTYPES_H 1
| #define HAVE_STDINT_H 1
| #define HAVE_UNISTD_H 1
| #define HAVE_DLFCN_H 1
| #define HAVE_SGI_STL 1
| #define HAVE_CRYPT 1
| #define kde_socklen_t socklen_t
| #define ksize_t socklen_t
| #define HAVE_SYS_TYPES_H 1
| #define HAVE_STDINT_H 1
| #define HAVE_SYS_BITYPES_H 1
| /* end confdefs.h.  */
| #include <stdio.h>
| #ifdef HAVE_SYS_TYPES_H
| # include <sys/types.h>
| #endif
| #ifdef HAVE_SYS_STAT_H
| # include <sys/stat.h>
| #endif
| #ifdef STDC_HEADERS
| # include <stdlib.h>
| # include <stddef.h>
| #else
| # ifdef HAVE_STDLIB_H
| #  include <stdlib.h>
| # endif
| #endif
| #ifdef HAVE_STRING_H
| # if !defined STDC_HEADERS && defined HAVE_MEMORY_H
| #  include <memory.h>
| # endif
| # include <string.h>
| #endif
| #ifdef HAVE_STRINGS_H
| # include <strings.h>
| #endif
| #ifdef HAVE_INTTYPES_H
| # include <inttypes.h>
| #endif
| #ifdef HAVE_STDINT_H
| # include <stdint.h>
| #endif
| #ifdef HAVE_UNISTD_H
| # include <unistd.h>
| #endif
| #include <Carbon/Carbon.h>
configure:24908: result: no
configure:24912: checking Carbon/Carbon.h presence
configure:24927: gcc -E  conftest.c
conftest.c:29:27: error: Carbon/Carbon.h: No such file or directory
configure:24933: $? = 1
configure: failed program was:
| /* confdefs.h.  */
| #define PACKAGE_NAME ""
| #define PACKAGE_TARNAME ""
| #define PACKAGE_VERSION ""
| #define PACKAGE_STRING ""
| #define PACKAGE_BUGREPORT ""
| #define PACKAGE "klusters"
| #define VERSION "1.6.2"
| #define KDELIBSUFF ""
| #define STDC_HEADERS 1
| #define HAVE_SYS_TYPES_H 1
| #define HAVE_SYS_STAT_H 1
| #define HAVE_STDLIB_H 1
| #define HAVE_STRING_H 1
| #define HAVE_MEMORY_H 1
| #define HAVE_STRINGS_H 1
| #define HAVE_INTTYPES_H 1
| #define HAVE_STDINT_H 1
| #define HAVE_UNISTD_H 1
| #define HAVE_DLFCN_H 1
| #define HAVE_SGI_STL 1
| #define HAVE_CRYPT 1
| #define kde_socklen_t socklen_t
| #define ksize_t socklen_t
| #define HAVE_SYS_TYPES_H 1
| #define HAVE_STDINT_H 1
| #define HAVE_SYS_BITYPES_H 1
| /* end confdefs.h.  */
| #include <Carbon/Carbon.h>
configure:24947: result: no
configure:24975: checking for Carbon/Carbon.h
configure:24983: result: no
configure:25008: checking CoreAudio/CoreAudio.h usability
configure:25025: gcc -c -std=iso9899:1990 -W -Wall -Wchar-subscripts -Wshadow -Wpointer-arith -Wmissing-prototypes -Wwrite-strings -D_XOPEN_SOURCE=500 -D_BSD_SOURCE -O2   -Wformat-security -Wmissing-format-attribute  conftest.c >&5
conftest.c:62:33: error: CoreAudio/CoreAudio.h: No such file or directory
configure:25031: $? = 1
configure: failed program was:
| /* confdefs.h.  */
| #define PACKAGE_NAME ""
| #define PACKAGE_TARNAME ""
| #define PACKAGE_VERSION ""
| #define PACKAGE_STRING ""
| #define PACKAGE_BUGREPORT ""
| #define PACKAGE "klusters"
| #define VERSION "1.6.2"
| #define KDELIBSUFF ""
| #define STDC_HEADERS 1
| #define HAVE_SYS_TYPES_H 1
| #define HAVE_SYS_STAT_H 1
| #define HAVE_STDLIB_H 1
| #define HAVE_STRING_H 1
| #define HAVE_MEMORY_H 1
| #define HAVE_STRINGS_H 1
| #define HAVE_INTTYPES_H 1
| #define HAVE_STDINT_H 1
| #define HAVE_UNISTD_H 1
| #define HAVE_DLFCN_H 1
| #define HAVE_SGI_STL 1
| #define HAVE_CRYPT 1
| #define kde_socklen_t socklen_t
| #define ksize_t socklen_t
| #define HAVE_SYS_TYPES_H 1
| #define HAVE_STDINT_H 1
| #define HAVE_SYS_BITYPES_H 1
| /* end confdefs.h.  */
| #include <stdio.h>
| #ifdef HAVE_SYS_TYPES_H
| # include <sys/types.h>
| #endif
| #ifdef HAVE_SYS_STAT_H
| # include <sys/stat.h>
| #endif
| #ifdef STDC_HEADERS
| # include <stdlib.h>
| # include <stddef.h>
| #else
| # ifdef HAVE_STDLIB_H
| #  include <stdlib.h>
| # endif
| #endif
| #ifdef HAVE_STRING_H
| # if !defined STDC_HEADERS && defined HAVE_MEMORY_H
| #  include <memory.h>
| # endif
| # include <string.h>
| #endif
| #ifdef HAVE_STRINGS_H
| # include <strings.h>
| #endif
| #ifdef HAVE_INTTYPES_H
| # include <inttypes.h>
| #endif
| #ifdef HAVE_STDINT_H
| # include <stdint.h>
| #endif
| #ifdef HAVE_UNISTD_H
| # include <unistd.h>
| #endif
| #include <CoreAudio/CoreAudio.h>
configure:25045: result: no
configure:25049: checking CoreAudio/CoreAudio.h presence
configure:25064: gcc -E  conftest.c
conftest.c:29:33: error: CoreAudio/CoreAudio.h: No such file or directory
configure:25070: $? = 1
configure: failed program was:
| /* confdefs.h.  */
| #define PACKAGE_NAME ""
| #define PACKAGE_TARNAME ""
| #define PACKAGE_VERSION ""
| #define PACKAGE_STRING ""
| #define PACKAGE_BUGREPORT ""
| #define PACKAGE "klusters"
| #define VERSION "1.6.2"
| #define KDELIBSUFF ""
| #define STDC_HEADERS 1
| #define HAVE_SYS_TYPES_H 1
| #define HAVE_SYS_STAT_H 1
| #define HAVE_STDLIB_H 1
| #define HAVE_STRING_H 1
| #define HAVE_MEMORY_H 1
| #define HAVE_STRINGS_H 1
| #define HAVE_INTTYPES_H 1
| #define HAVE_STDINT_H 1
| #define HAVE_UNISTD_H 1
| #define HAVE_DLFCN_H 1
| #define HAVE_SGI_STL 1
| #define HAVE_CRYPT 1
| #define kde_socklen_t socklen_t
| #define ksize_t socklen_t
| #define HAVE_SYS_TYPES_H 1
| #define HAVE_STDINT_H 1
| #define HAVE_SYS_BITYPES_H 1
| /* end confdefs.h.  */
| #include <CoreAudio/CoreAudio.h>
configure:25084: result: no
configure:25112: checking for CoreAudio/CoreAudio.h
configure:25119: result: no
configure:25137: checking if res_init needs -lresolv
configure:25169: gcc -o conftest -std=iso9899:1990 -W -Wall -Wchar-subscripts -Wshadow -Wpointer-arith -Wmissing-prototypes -Wwrite-strings -D_XOPEN_SOURCE=500 -D_BSD_SOURCE -O2   -Wformat-security -Wmissing-format-attribute   conftest.c   -lresolv >&5
configure:25175: $? = 0
configure:25183: result: yes
configure:25206: checking for res_init
configure:25258: g++ -c -Wno-long-long -Wundef -ansi -D_XOPEN_SOURCE=500 -D_BSD_SOURCE -Wcast-align -Wconversion -Wchar-subscripts -Wall -W -Wpointer-arith -O2 -Wformat-security -Wmissing-format-attribute -Wno-non-virtual-dtor -fno-exceptions -fno-check-new -fno-common -pedantic-errors  conftest.cpp >&5
configure:25264: $? = 0
configure:25290: result: yes
configure:25293: checking if res_init needs custom prototype
configure:25393: result: no
configure:25421: checking for killpg in -lucb
configure:25456: gcc -o conftest -std=iso9899:1990 -W -Wall -Wchar-subscripts -Wshadow -Wpointer-arith -Wmissing-prototypes -Wwrite-strings -D_XOPEN_SOURCE=500 -D_BSD_SOURCE -O2   -Wformat-security -Wmissing-format-attribute   conftest.c -lucb   >&5
/usr/bin/ld: cannot find -lucb
collect2: ld returned 1 exit status
configure:25462: $? = 1
configure: failed program was:
| /* confdefs.h.  */
| #define PACKAGE_NAME ""
| #define PACKAGE_TARNAME ""
| #define PACKAGE_VERSION ""
| #define PACKAGE_STRING ""
| #define PACKAGE_BUGREPORT ""
| #define PACKAGE "klusters"
| #define VERSION "1.6.2"
| #define KDELIBSUFF ""
| #define STDC_HEADERS 1
| #define HAVE_SYS_TYPES_H 1
| #define HAVE_SYS_STAT_H 1
| #define HAVE_STDLIB_H 1
| #define HAVE_STRING_H 1
| #define HAVE_MEMORY_H 1
| #define HAVE_STRINGS_H 1
| #define HAVE_INTTYPES_H 1
| #define HAVE_STDINT_H 1
| #define HAVE_UNISTD_H 1
| #define HAVE_DLFCN_H 1
| #define HAVE_SGI_STL 1
| #define HAVE_CRYPT 1
| #define kde_socklen_t socklen_t
| #define ksize_t socklen_t
| #define HAVE_SYS_TYPES_H 1
| #define HAVE_STDINT_H 1
| #define HAVE_SYS_BITYPES_H 1
| #define HAVE_RES_INIT 1
| #define HAVE_RES_INIT 1
| #define HAVE_RES_INIT_PROTO 1
| /* end confdefs.h.  */
| 
| /* Override any GCC internal prototype to avoid an error.
|    Use char because int might match the return type of a GCC
|    builtin and then its argument prototype would still apply.  */
| #ifdef __cplusplus
| extern "C"
| #endif
| char killpg ();
| int
| main ()
| {
| return killpg ();
|   ;
|   return 0;
| }
configure:25480: result: no
configure:25560: checking for int
configure:25590: gcc -c -std=iso9899:1990 -W -Wall -Wchar-subscripts -Wshadow -Wpointer-arith -Wmissing-prototypes -Wwrite-strings -D_XOPEN_SOURCE=500 -D_BSD_SOURCE -O2   -Wformat-security -Wmissing-format-attribute  conftest.c >&5
configure:25596: $? = 0
configure:25611: result: yes
configure:25618: checking size of int
configure:25920: gcc -o conftest -std=iso9899:1990 -W -Wall -Wchar-subscripts -Wshadow -Wpointer-arith -Wmissing-prototypes -Wwrite-strings -D_XOPEN_SOURCE=500 -D_BSD_SOURCE -O2   -Wformat-security -Wmissing-format-attribute   conftest.c  >&5
configure:25923: $? = 0
configure:25929: ./conftest
configure:25932: $? = 0
configure:25955: result: 4
configure:25964: checking for short
configure:25994: gcc -c -std=iso9899:1990 -W -Wall -Wchar-subscripts -Wshadow -Wpointer-arith -Wmissing-prototypes -Wwrite-strings -D_XOPEN_SOURCE=500 -D_BSD_SOURCE -O2   -Wformat-security -Wmissing-format-attribute  conftest.c >&5
configure:26000: $? = 0
configure:26015: result: yes
configure:26022: checking size of short
configure:26324: gcc -o conftest -std=iso9899:1990 -W -Wall -Wchar-subscripts -Wshadow -Wpointer-arith -Wmissing-prototypes -Wwrite-strings -D_XOPEN_SOURCE=500 -D_BSD_SOURCE -O2   -Wformat-security -Wmissing-format-attribute   conftest.c  >&5
configure:26327: $? = 0
configure:26333: ./conftest
configure:26336: $? = 0
configure:26359: result: 2
configure:26368: checking for long
configure:26398: gcc -c -std=iso9899:1990 -W -Wall -Wchar-subscripts -Wshadow -Wpointer-arith -Wmissing-prototypes -Wwrite-strings -D_XOPEN_SOURCE=500 -D_BSD_SOURCE -O2   -Wformat-security -Wmissing-format-attribute  conftest.c >&5
configure:26404: $? = 0
configure:26419: result: yes
configure:26426: checking size of long
configure:26728: gcc -o conftest -std=iso9899:1990 -W -Wall -Wchar-subscripts -Wshadow -Wpointer-arith -Wmissing-prototypes -Wwrite-strings -D_XOPEN_SOURCE=500 -D_BSD_SOURCE -O2   -Wformat-security -Wmissing-format-attribute   conftest.c  >&5
configure:26731: $? = 0
configure:26737: ./conftest
configure:26740: $? = 0
configure:26763: result: 8
configure:26772: checking for char *
configure:26802: gcc -c -std=iso9899:1990 -W -Wall -Wchar-subscripts -Wshadow -Wpointer-arith -Wmissing-prototypes -Wwrite-strings -D_XOPEN_SOURCE=500 -D_BSD_SOURCE -O2   -Wformat-security -Wmissing-format-attribute  conftest.c >&5
configure:26808: $? = 0
configure:26823: result: yes
configure:26830: checking size of char *
configure:27132: gcc -o conftest -std=iso9899:1990 -W -Wall -Wchar-subscripts -Wshadow -Wpointer-arith -Wmissing-prototypes -Wwrite-strings -D_XOPEN_SOURCE=500 -D_BSD_SOURCE -O2   -Wformat-security -Wmissing-format-attribute   conftest.c  >&5
configure:27135: $? = 0
configure:27141: ./conftest
configure:27144: $? = 0
configure:27167: result: 8
configure:27178: checking for dlopen in -ldl
configure:27237: result: yes
configure:27247: checking for shl_unload in -ldld
configure:27282: gcc -o conftest -std=iso9899:1990 -W -Wall -Wchar-subscripts -Wshadow -Wpointer-arith -Wmissing-prototypes -Wwrite-strings -D_XOPEN_SOURCE=500 -D_BSD_SOURCE -O2   -Wformat-security -Wmissing-format-attribute   conftest.c -ldld   >&5
/usr/bin/ld: cannot find -ldld
collect2: ld returned 1 exit status
configure:27288: $? = 1
configure: failed program was:
| /* confdefs.h.  */
| #define PACKAGE_NAME ""
| #define PACKAGE_TARNAME ""
| #define PACKAGE_VERSION ""
| #define PACKAGE_STRING ""
| #define PACKAGE_BUGREPORT ""
| #define PACKAGE "klusters"
| #define VERSION "1.6.2"
| #define KDELIBSUFF ""
| #define STDC_HEADERS 1
| #define HAVE_SYS_TYPES_H 1
| #define HAVE_SYS_STAT_H 1
| #define HAVE_STDLIB_H 1
| #define HAVE_STRING_H 1
| #define HAVE_MEMORY_H 1
| #define HAVE_STRINGS_H 1
| #define HAVE_INTTYPES_H 1
| #define HAVE_STDINT_H 1
| #define HAVE_UNISTD_H 1
| #define HAVE_DLFCN_H 1
| #define HAVE_SGI_STL 1
| #define HAVE_CRYPT 1
| #define kde_socklen_t socklen_t
| #define ksize_t socklen_t
| #define HAVE_SYS_TYPES_H 1
| #define HAVE_STDINT_H 1
| #define HAVE_SYS_BITYPES_H 1
| #define HAVE_RES_INIT 1
| #define HAVE_RES_INIT 1
| #define HAVE_RES_INIT_PROTO 1
| #define SIZEOF_INT 4
| #define SIZEOF_SHORT 2
| #define SIZEOF_LONG 8
| #define SIZEOF_CHAR_P 8
| /* end confdefs.h.  */
| 
| /* Override any GCC internal prototype to avoid an error.
|    Use char because int might match the return type of a GCC
|    builtin and then its argument prototype would still apply.  */
| #ifdef __cplusplus
| extern "C"
| #endif
| char shl_unload ();
| int
| main ()
| {
| return shl_unload ();
|   ;
|   return 0;
| }
configure:27306: result: no
configure:27321: checking for size_t
configure:27351: gcc -c -std=iso9899:1990 -W -Wall -Wchar-subscripts -Wshadow -Wpointer-arith -Wmissing-prototypes -Wwrite-strings -D_XOPEN_SOURCE=500 -D_BSD_SOURCE -O2   -Wformat-security -Wmissing-format-attribute  conftest.c >&5
configure:27357: $? = 0
configure:27372: result: yes
configure:27379: checking size of size_t
configure:27681: gcc -o conftest -std=iso9899:1990 -W -Wall -Wchar-subscripts -Wshadow -Wpointer-arith -Wmissing-prototypes -Wwrite-strings -D_XOPEN_SOURCE=500 -D_BSD_SOURCE -O2   -Wformat-security -Wmissing-format-attribute   conftest.c  >&5
configure:27684: $? = 0
configure:27690: ./conftest
configure:27693: $? = 0
configure:27716: result: 8
configure:27726: checking for unsigned long
configure:27756: gcc -c -std=iso9899:1990 -W -Wall -Wchar-subscripts -Wshadow -Wpointer-arith -Wmissing-prototypes -Wwrite-strings -D_XOPEN_SOURCE=500 -D_BSD_SOURCE -O2   -Wformat-security -Wmissing-format-attribute  conftest.c >&5
configure:27762: $? = 0
configure:27777: result: yes
configure:27784: checking size of unsigned long
configure:28086: gcc -o conftest -std=iso9899:1990 -W -Wall -Wchar-subscripts -Wshadow -Wpointer-arith -Wmissing-prototypes -Wwrite-strings -D_XOPEN_SOURCE=500 -D_BSD_SOURCE -O2   -Wformat-security -Wmissing-format-attribute   conftest.c  >&5
configure:28089: $? = 0
configure:28095: ./conftest
configure:28098: $? = 0
configure:28121: result: 8
configure:28132: checking sizeof size_t == sizeof unsigned long
configure:28159: gcc -c -std=iso9899:1990 -W -Wall -Wchar-subscripts -Wshadow -Wpointer-arith -Wmissing-prototypes -Wwrite-strings -D_XOPEN_SOURCE=500 -D_BSD_SOURCE -O2   -Wformat-security -Wmissing-format-attribute  conftest.c >&5
configure:28165: $? = 0
configure:28170: result: yes
configure:28194: checking for PIE support
configure:28236: rm -rf SunWS_cache; g++ -o conftest -Wno-long-long -Wundef -ansi -D_XOPEN_SOURCE=500 -D_BSD_SOURCE -Wcast-align -Wconversion -Wchar-subscripts -Wall -W -Wpointer-arith -O2 -Wformat-security -Wmissing-format-attribute -Wno-non-virtual-dtor -fno-exceptions -fno-check-new -fno-common -fPIE   -pie conftest.cpp  1>&5
configure:28242: $? = 0
configure:28269: result: yes
configure:28272: checking if enabling -pie/fPIE support
configure:28287: result: yes
configure:28318: checking crt_externs.h usability
configure:28335: gcc -c -std=iso9899:1990 -W -Wall -Wchar-subscripts -Wshadow -Wpointer-arith -Wmissing-prototypes -Wwrite-strings -D_XOPEN_SOURCE=500 -D_BSD_SOURCE -O2   -Wformat-security -Wmissing-format-attribute  conftest.c >&5
conftest.c:71:25: error: crt_externs.h: No such file or directory
configure:28341: $? = 1
configure: failed program was:
| /* confdefs.h.  */
| #define PACKAGE_NAME ""
| #define PACKAGE_TARNAME ""
| #define PACKAGE_VERSION ""
| #define PACKAGE_STRING ""
| #define PACKAGE_BUGREPORT ""
| #define PACKAGE "klusters"
| #define VERSION "1.6.2"
| #define KDELIBSUFF ""
| #define STDC_HEADERS 1
| #define HAVE_SYS_TYPES_H 1
| #define HAVE_SYS_STAT_H 1
| #define HAVE_STDLIB_H 1
| #define HAVE_STRING_H 1
| #define HAVE_MEMORY_H 1
| #define HAVE_STRINGS_H 1
| #define HAVE_INTTYPES_H 1
| #define HAVE_STDINT_H 1
| #define HAVE_UNISTD_H 1
| #define HAVE_DLFCN_H 1
| #define HAVE_SGI_STL 1
| #define HAVE_CRYPT 1
| #define kde_socklen_t socklen_t
| #define ksize_t socklen_t
| #define HAVE_SYS_TYPES_H 1
| #define HAVE_STDINT_H 1
| #define HAVE_SYS_BITYPES_H 1
| #define HAVE_RES_INIT 1
| #define HAVE_RES_INIT 1
| #define HAVE_RES_INIT_PROTO 1
| #define SIZEOF_INT 4
| #define SIZEOF_SHORT 2
| #define SIZEOF_LONG 8
| #define SIZEOF_CHAR_P 8
| #define SIZEOF_SIZE_T 8
| #define SIZEOF_UNSIGNED_LONG 8
| /* end confdefs.h.  */
| #include <stdio.h>
| #ifdef HAVE_SYS_TYPES_H
| # include <sys/types.h>
| #endif
| #ifdef HAVE_SYS_STAT_H
| # include <sys/stat.h>
| #endif
| #ifdef STDC_HEADERS
| # include <stdlib.h>
| # include <stddef.h>
| #else
| # ifdef HAVE_STDLIB_H
| #  include <stdlib.h>
| # endif
| #endif
| #ifdef HAVE_STRING_H
| # if !defined STDC_HEADERS && defined HAVE_MEMORY_H
| #  include <memory.h>
| # endif
| # include <string.h>
| #endif
| #ifdef HAVE_STRINGS_H
| # include <strings.h>
| #endif
| #ifdef HAVE_INTTYPES_H
| # include <inttypes.h>
| #endif
| #ifdef HAVE_STDINT_H
| # include <stdint.h>
| #endif
| #ifdef HAVE_UNISTD_H
| # include <unistd.h>
| #endif
| #include <crt_externs.h>
configure:28355: result: no
configure:28359: checking crt_externs.h presence
configure:28374: gcc -E  conftest.c
conftest.c:38:25: error: crt_externs.h: No such file or directory
configure:28380: $? = 1
configure: failed program was:
| /* confdefs.h.  */
| #define PACKAGE_NAME ""
| #define PACKAGE_TARNAME ""
| #define PACKAGE_VERSION ""
| #define PACKAGE_STRING ""
| #define PACKAGE_BUGREPORT ""
| #define PACKAGE "klusters"
| #define VERSION "1.6.2"
| #define KDELIBSUFF ""
| #define STDC_HEADERS 1
| #define HAVE_SYS_TYPES_H 1
| #define HAVE_SYS_STAT_H 1
| #define HAVE_STDLIB_H 1
| #define HAVE_STRING_H 1
| #define HAVE_MEMORY_H 1
| #define HAVE_STRINGS_H 1
| #define HAVE_INTTYPES_H 1
| #define HAVE_STDINT_H 1
| #define HAVE_UNISTD_H 1
| #define HAVE_DLFCN_H 1
| #define HAVE_SGI_STL 1
| #define HAVE_CRYPT 1
| #define kde_socklen_t socklen_t
| #define ksize_t socklen_t
| #define HAVE_SYS_TYPES_H 1
| #define HAVE_STDINT_H 1
| #define HAVE_SYS_BITYPES_H 1
| #define HAVE_RES_INIT 1
| #define HAVE_RES_INIT 1
| #define HAVE_RES_INIT_PROTO 1
| #define SIZEOF_INT 4
| #define SIZEOF_SHORT 2
| #define SIZEOF_LONG 8
| #define SIZEOF_CHAR_P 8
| #define SIZEOF_SIZE_T 8
| #define SIZEOF_UNSIGNED_LONG 8
| /* end confdefs.h.  */
| #include <crt_externs.h>
configure:28394: result: no
configure:28422: checking for crt_externs.h
configure:28430: result: no
configure:28443: checking for _NSGetEnviron
configure:28499: gcc -o conftest -std=iso9899:1990 -W -Wall -Wchar-subscripts -Wshadow -Wpointer-arith -Wmissing-prototypes -Wwrite-strings -D_XOPEN_SOURCE=500 -D_BSD_SOURCE -O2   -Wformat-security -Wmissing-format-attribute   conftest.c  >&5
/tmp/ccm84DXU.o: In function `main':
conftest.c:(.text+0x7): undefined reference to `_NSGetEnviron'
collect2: ld returned 1 exit status
configure:28505: $? = 1
configure: failed program was:
| /* confdefs.h.  */
| #define PACKAGE_NAME ""
| #define PACKAGE_TARNAME ""
| #define PACKAGE_VERSION ""
| #define PACKAGE_STRING ""
| #define PACKAGE_BUGREPORT ""
| #define PACKAGE "klusters"
| #define VERSION "1.6.2"
| #define KDELIBSUFF ""
| #define STDC_HEADERS 1
| #define HAVE_SYS_TYPES_H 1
| #define HAVE_SYS_STAT_H 1
| #define HAVE_STDLIB_H 1
| #define HAVE_STRING_H 1
| #define HAVE_MEMORY_H 1
| #define HAVE_STRINGS_H 1
| #define HAVE_INTTYPES_H 1
| #define HAVE_STDINT_H 1
| #define HAVE_UNISTD_H 1
| #define HAVE_DLFCN_H 1
| #define HAVE_SGI_STL 1
| #define HAVE_CRYPT 1
| #define kde_socklen_t socklen_t
| #define ksize_t socklen_t
| #define HAVE_SYS_TYPES_H 1
| #define HAVE_STDINT_H 1
| #define HAVE_SYS_BITYPES_H 1
| #define HAVE_RES_INIT 1
| #define HAVE_RES_INIT 1
| #define HAVE_RES_INIT_PROTO 1
| #define SIZEOF_INT 4
| #define SIZEOF_SHORT 2
| #define SIZEOF_LONG 8
| #define SIZEOF_CHAR_P 8
| #define SIZEOF_SIZE_T 8
| #define SIZEOF_UNSIGNED_LONG 8
| /* end confdefs.h.  */
| /* Define _NSGetEnviron to an innocuous variant, in case <limits.h> declares _NSGetEnviron.
|    For example, HP-UX 11i <limits.h> declares gettimeofday.  */
| #define _NSGetEnviron innocuous__NSGetEnviron
| 
| /* System header to define __stub macros and hopefully few prototypes,
|     which can conflict with char _NSGetEnviron (); below.
|     Prefer <limits.h> to <assert.h> if __STDC__ is defined, since
|     <limits.h> exists even on freestanding compilers.  */
| 
| #ifdef __STDC__
| # include <limits.h>
| #else
| # include <assert.h>
| #endif
| 
| #undef _NSGetEnviron
| 
| /* Override any GCC internal prototype to avoid an error.
|    Use char because int might match the return type of a GCC
|    builtin and then its argument prototype would still apply.  */
| #ifdef __cplusplus
| extern "C"
| #endif
| char _NSGetEnviron ();
| /* The GNU C library defines this for functions which it implements
|     to always fail with ENOSYS.  Some functions are actually named
|     something starting with __ and the normal name is an alias.  */
| #if defined __stub__NSGetEnviron || defined __stub____NSGetEnviron
| choke me
| #endif
| 
| int
| main ()
| {
| return _NSGetEnviron ();
|   ;
|   return 0;
| }
configure:28522: result: no
configure:28544: checking for vsnprintf
configure:28600: gcc -o conftest -std=iso9899:1990 -W -Wall -Wchar-subscripts -Wshadow -Wpointer-arith -Wmissing-prototypes -Wwrite-strings -D_XOPEN_SOURCE=500 -D_BSD_SOURCE -O2   -Wformat-security -Wmissing-format-attribute   conftest.c  >&5
configure:28606: $? = 0
configure:28624: result: yes
configure:28544: checking for snprintf
configure:28600: gcc -o conftest -std=iso9899:1990 -W -Wall -Wchar-subscripts -Wshadow -Wpointer-arith -Wmissing-prototypes -Wwrite-strings -D_XOPEN_SOURCE=500 -D_BSD_SOURCE -O2   -Wformat-security -Wmissing-format-attribute   conftest.c  >&5
configure:28606: $? = 0
configure:28624: result: yes
configure:28683: checking for X
configure:28726: gcc -E  conftest.c
configure:28732: $? = 0
configure:28822: gcc -o conftest -std=iso9899:1990 -W -Wall -Wchar-subscripts -Wshadow -Wpointer-arith -Wmissing-prototypes -Wwrite-strings -D_XOPEN_SOURCE=500 -D_BSD_SOURCE -O2   -Wformat-security -Wmissing-format-attribute   conftest.c -lXt  >&5
configure:28828: $? = 0
configure:28984: result: libraries /usr/lib, headers .
configure:29013: checking for IceConnectionNumber in -lICE
configure:29048: gcc -o conftest -std=iso9899:1990 -W -Wall -Wchar-subscripts -Wshadow -Wpointer-arith -Wmissing-prototypes -Wwrite-strings -D_XOPEN_SOURCE=500 -D_BSD_SOURCE -O2   -Wformat-security -Wmissing-format-attribute   -L/usr/lib conftest.c -lICE   >&5
configure:29054: $? = 0
configure:29072: result: yes
configure:29082: checking for libXext
configure:29122: gcc -o conftest -std=iso9899:1990 -W -Wall -Wchar-subscripts -Wshadow -Wpointer-arith -Wmissing-prototypes -Wwrite-strings -D_XOPEN_SOURCE=500 -D_BSD_SOURCE -O2   -Wformat-security -Wmissing-format-attribute   -L/usr/lib  conftest.c -lXext -lX11  >&5
configure:29128: $? = 0
configure:29152: result: yes
configure:29301: checking for pthread_create in -lpthread
configure:29336: gcc -o conftest -std=iso9899:1990 -W -Wall -Wchar-subscripts -Wshadow -Wpointer-arith -Wmissing-prototypes -Wwrite-strings -D_XOPEN_SOURCE=500 -D_BSD_SOURCE -O2   -Wformat-security -Wmissing-format-attribute   conftest.c -lpthread   >&5
configure:29342: $? = 0
configure:29360: result: yes
configure:29631: checking for extra includes
configure:29659: result: no
configure:29663: checking for extra libs
configure:29692: result: no
configure:29698: checking for libz
configure:29738: gcc -o conftest -std=iso9899:1990 -W -Wall -Wchar-subscripts -Wshadow -Wpointer-arith -Wmissing-prototypes -Wwrite-strings -D_XOPEN_SOURCE=500 -D_BSD_SOURCE -O2   -Wformat-security -Wmissing-format-attribute -I.   -D_REENTRANT  conftest.c -L/usr/lib    -lz  >&5
configure:29744: $? = 0
configure:29771: result: -lz
configure:29792: checking for libpng
configure:29834: gcc -o conftest -std=iso9899:1990 -W -Wall -Wchar-subscripts -Wshadow -Wpointer-arith -Wmissing-prototypes -Wwrite-strings -D_XOPEN_SOURCE=500 -D_BSD_SOURCE -O2   -Wformat-security -Wmissing-format-attribute -I.   -D_REENTRANT  conftest.c  -L/usr/lib    -lpng -lz -lm -lX11  >&5
configure:29840: $? = 0
configure:29869: result: -lpng -lz -lm
configure:29880: checking for libjpeg6b
configure:29919: gcc -o conftest -std=iso9899:1990 -W -Wall -Wchar-subscripts -Wshadow -Wpointer-arith -Wmissing-prototypes -Wwrite-strings -D_XOPEN_SOURCE=500 -D_BSD_SOURCE -O2   -Wformat-security -Wmissing-format-attribute -I.   -D_REENTRANT  conftest.c -L/usr/lib    -ljpeg6b -lm >&5
/usr/bin/ld: cannot find -ljpeg6b
collect2: ld returned 1 exit status
configure:29925: $? = 1
configure: failed program was:
| /* confdefs.h.  */
| #define PACKAGE_NAME ""
| #define PACKAGE_TARNAME ""
| #define PACKAGE_VERSION ""
| #define PACKAGE_STRING ""
| #define PACKAGE_BUGREPORT ""
| #define PACKAGE "klusters"
| #define VERSION "1.6.2"
| #define KDELIBSUFF ""
| #define STDC_HEADERS 1
| #define HAVE_SYS_TYPES_H 1
| #define HAVE_SYS_STAT_H 1
| #define HAVE_STDLIB_H 1
| #define HAVE_STRING_H 1
| #define HAVE_MEMORY_H 1
| #define HAVE_STRINGS_H 1
| #define HAVE_INTTYPES_H 1
| #define HAVE_STDINT_H 1
| #define HAVE_UNISTD_H 1
| #define HAVE_DLFCN_H 1
| #define HAVE_SGI_STL 1
| #define HAVE_CRYPT 1
| #define kde_socklen_t socklen_t
| #define ksize_t socklen_t
| #define HAVE_SYS_TYPES_H 1
| #define HAVE_STDINT_H 1
| #define HAVE_SYS_BITYPES_H 1
| #define HAVE_RES_INIT 1
| #define HAVE_RES_INIT 1
| #define HAVE_RES_INIT_PROTO 1
| #define SIZEOF_INT 4
| #define SIZEOF_SHORT 2
| #define SIZEOF_LONG 8
| #define SIZEOF_CHAR_P 8
| #define SIZEOF_SIZE_T 8
| #define SIZEOF_UNSIGNED_LONG 8
| #define HAVE_VSNPRINTF 1
| #define HAVE_SNPRINTF 1
| #define HAVE_LIBZ 1
| #define HAVE_LIBPNG 1
| /* end confdefs.h.  */
| 
| #ifdef __cplusplus
| extern "C" {
| #endif
| void jpeg_CreateDecompress();
| #ifdef __cplusplus
| }
| #endif
| 
| int
| main ()
| {
| jpeg_CreateDecompress();
|   ;
|   return 0;
| }
configure:29952: result: no
configure:29955: checking for libjpeg
configure:29994: gcc -o conftest -std=iso9899:1990 -W -Wall -Wchar-subscripts -Wshadow -Wpointer-arith -Wmissing-prototypes -Wwrite-strings -D_XOPEN_SOURCE=500 -D_BSD_SOURCE -O2   -Wformat-security -Wmissing-format-attribute -I.   -D_REENTRANT  conftest.c -L/usr/lib    -ljpeg -lm >&5
configure:30000: $? = 0
configure:30024: result: -ljpeg
configure: 30048: ${prefix}/include/jpeglib.h
configure: 30048: /usr/include/jpeglib.h
taking that
configure:30095: checking for perl
configure:30155: result: /usr/bin/perl
configure:30281: checking for Qt
configure: 30346: /usr/lib/qt3/include/qstyle.h
configure: 30346: /usr/lib/qt3/qstyle.h
configure: 30346: /usr/lib/qt/include/qstyle.h
configure: 30346: /usr/lib/qt/qstyle.h
configure: 30346: /usr/share/qt3/include/qstyle.h
taking that
tried NO
tried /usr/lib/qt3/lib
tried /usr/lib/qt3
tried /usr/lib/qt/lib
tried /usr/lib/qt
configure:30463: rm -rf SunWS_cache; g++ -o conftest -Wno-long-long -Wundef -ansi -D_XOPEN_SOURCE=500 -D_BSD_SOURCE -Wcast-align -Wconversion -Wchar-subscripts -Wall -W -Wpointer-arith -O2 -Wformat-security -Wmissing-format-attribute -Wno-non-virtual-dtor -fno-exceptions -fno-check-new -fno-common -I/usr/share/qt3/include -I.  -DQT_THREAD_SUPPORT  -D_REENTRANT  -L/usr/share/qt3/lib -L/usr/lib     conftest.cpp  -lqt-mt -lpng -lz -lm -ljpeg -ldl  -lXext -lX11 -lSM -lICE  -lpthread 1>&5
configure:30466: $? = 0
configure:30525: result: libraries /usr/share/qt3/lib, headers /usr/share/qt3/include using -mt
configure:30706: checking for moc
configure:30778: result: /usr/share/qt3/bin/moc
configure:30786: checking for uic
configure:30840: result: /usr/share/qt3/bin/uic
configure:30871: checking whether uic supports -L 
configure:30882: /usr/share/qt3/bin/uic -L /nonexistent conftest.ui >/dev/null
configure:30885: $? = 0
configure:30897: result: yes
configure:30909: checking whether uic supports -nounload 
configure:30920: /usr/share/qt3/bin/uic -nounload  conftest.ui >/dev/null
configure:30923: $? = 0
configure:30935: result: yes
configure:30972: checking if Qt needs -ljpeg
configure:31017: rm -rf SunWS_cache; g++ -o conftest -Wno-long-long -Wundef -ansi -D_XOPEN_SOURCE=500 -D_BSD_SOURCE -Wcast-align -Wconversion -Wchar-subscripts -Wall -W -Wpointer-arith -O2 -Wformat-security -Wmissing-format-attribute -Wno-non-virtual-dtor -fno-exceptions -fno-check-new -fno-common -I/usr/share/qt3/include -I.   -DQT_THREAD_SUPPORT  -D_REENTRANT  conftest.cpp -L/usr/share/qt3/lib -L/usr/lib -lqt-mt -lpng -lz -lm  -ldl -lXext -lX11 -lSM -lICE 1>&5
conftest.cpp: In function 'int main()':
conftest.cpp:51: warning: 'argv' is used uninitialized in this function
configure:31023: $? = 0
configure:31057: result: no
configure:31089: checking for rpath
configure:31121: result: yes
configure:31124: checking for KDE
configure: 31177: /usr/include/ksharedptr.h
configure: 31177: /usr/include/ksharedptr.h
configure: 31177: /usr/lib/kde/include/ksharedptr.h
configure: 31177: /usr/local/kde/include/ksharedptr.h
configure: 31177: /usr/local/include/ksharedptr.h
configure: 31177: /usr/kde/include/ksharedptr.h
configure: 31177: /usr/include/kde/ksharedptr.h
taking that
configure: 31207: /usr/lib/libkio.la
taking that
configure: 31225: /usr/lib/kde3/plugins/designer/kdewidgets.la
taking that
configure:31298: result: libraries /usr/lib, headers /usr/include/kde
configure:31337: checking if UIC has KDE plugins available
configure:31364: /usr/share/qt3/bin/uic -L /usr/lib/kde3/plugins/designer -nounload -impl actest.h actest.ui > actest.cpp
configure:31367: $? = 0
configure:31381: result: yes
configure:31436: checking for KDE paths
configure:32051: result: defaults
configure:32099: checking for dcopidl
configure:32161: result: /usr/bin/dcopidl
configure:32168: checking for dcopidl2cpp
configure:32230: result: /usr/bin/dcopidl2cpp
configure:32238: checking for mcopidl
configure:32302: result: /usr/bin/mcopidl
configure:32309: checking for artsc-config
configure:32373: result: /usr/bin/artsc-config
configure:32381: checking for meinproc
configure:32435: result: /usr/bin/meinproc
configure:32465: checking for kconfig_compiler
configure:32527: result: /usr/bin/kconfig_compiler
configure:32534: checking for dcopidlng
configure:32596: result: /usr/bin/dcopidlng
configure:32676: checking for xmllint
configure:32730: result: /usr/bin/xmllint
configure: 32746: /usr/share/kde/apps/ksgmltools2/customization/kde-chunk.xsl
configure: 32746: /usr/local/share/apps/ksgmltools2/customization/kde-chunk.xsl
configure: 32746: /usr/share/apps/ksgmltools2/customization/kde-chunk.xsl
taking that
configure:32906: checking for xml2-config
configure:32965: result: /usr/bin/xml2-config
configure:32997: checking whether byte ordering is bigendian
configure:33030: gcc -c -std=iso9899:1990 -W -Wall -Wchar-subscripts -Wshadow -Wpointer-arith -Wmissing-prototypes -Wwrite-strings -D_XOPEN_SOURCE=500 -D_BSD_SOURCE -O2   -Wformat-security -Wmissing-format-attribute  -DQT_THREAD_SUPPORT  -D_REENTRANT conftest.c >&5
configure:33036: $? = 0
configure:33068: gcc -c -std=iso9899:1990 -W -Wall -Wchar-subscripts -Wshadow -Wpointer-arith -Wmissing-prototypes -Wwrite-strings -D_XOPEN_SOURCE=500 -D_BSD_SOURCE -O2   -Wformat-security -Wmissing-format-attribute  -DQT_THREAD_SUPPORT  -D_REENTRANT conftest.c >&5
conftest.c: In function 'main':
conftest.c:51: error: 'not' undeclared (first use in this function)
conftest.c:51: error: (Each undeclared identifier is reported only once
conftest.c:51: error: for each function it appears in.)
conftest.c:51: error: expected ';' before 'big'
configure:33074: $? = 1
configure: failed program was:
| /* confdefs.h.  */
| #define PACKAGE_NAME ""
| #define PACKAGE_TARNAME ""
| #define PACKAGE_VERSION ""
| #define PACKAGE_STRING ""
| #define PACKAGE_BUGREPORT ""
| #define PACKAGE "klusters"
| #define VERSION "1.6.2"
| #define KDELIBSUFF ""
| #define STDC_HEADERS 1
| #define HAVE_SYS_TYPES_H 1
| #define HAVE_SYS_STAT_H 1
| #define HAVE_STDLIB_H 1
| #define HAVE_STRING_H 1
| #define HAVE_MEMORY_H 1
| #define HAVE_STRINGS_H 1
| #define HAVE_INTTYPES_H 1
| #define HAVE_STDINT_H 1
| #define HAVE_UNISTD_H 1
| #define HAVE_DLFCN_H 1
| #define HAVE_SGI_STL 1
| #define HAVE_CRYPT 1
| #define kde_socklen_t socklen_t
| #define ksize_t socklen_t
| #define HAVE_SYS_TYPES_H 1
| #define HAVE_STDINT_H 1
| #define HAVE_SYS_BITYPES_H 1
| #define HAVE_RES_INIT 1
| #define HAVE_RES_INIT 1
| #define HAVE_RES_INIT_PROTO 1
| #define SIZEOF_INT 4
| #define SIZEOF_SHORT 2
| #define SIZEOF_LONG 8
| #define SIZEOF_CHAR_P 8
| #define SIZEOF_SIZE_T 8
| #define SIZEOF_UNSIGNED_LONG 8
| #define HAVE_VSNPRINTF 1
| #define HAVE_SNPRINTF 1
| #define HAVE_LIBZ 1
| #define HAVE_LIBPNG 1
| #define HAVE_LIBJPEG 1
| #define HAVE_LIBPTHREAD 1
| /* end confdefs.h.  */
| #include <sys/types.h>
| #include <sys/param.h>
| 
| int
| main ()
| {
| #if BYTE_ORDER != BIG_ENDIAN
|  not big endian
| #endif
| 
|   ;
|   return 0;
| }
configure:33214: result: no
configure:33234: checking for MAXPATHLEN
configure:33256: gcc -E  -DQT_THREAD_SUPPORT  -D_REENTRANT conftest.c 2>/dev/null | grep '^KDE_HELLO' >conftest.out
configure:33259: $? = 0
configure:33271: result: 4096
configure:33301: checking if doc should be compiled
configure:33313: result: yes
configure:33301: checking if po should be compiled
configure:33313: result: yes
configure:33301: checking if src should be compiled
configure:33313: result: yes
configure:33486: creating ./config.status

## ---------------------- ##
## Running config.status. ##
## ---------------------- ##

This file was extended by config.status, which was
generated by GNU Autoconf 2.61.  Invocation command line was

  CONFIG_FILES    = 
  CONFIG_HEADERS  = 
  CONFIG_LINKS    = 
  CONFIG_COMMANDS = 
  $ ./config.status 

on libertad

config.status:813: creating Makefile
config.status:813: creating doc/Makefile
config.status:813: creating doc/en/Makefile
config.status:813: creating doc/en/images/Makefile
config.status:813: creating po/Makefile
config.status:813: creating src/Makefile
config.status:813: creating src/cursors/Makefile
config.status:813: creating src/icons/Makefile
config.status:813: creating src/ui/Makefile
config.status:813: creating config.h
config.status:1057: config.h is unchanged
config.status:1103: executing depfiles commands

## ---------------- ##
## Cache variables. ##
## ---------------- ##

ac_cv_build=x86_64-unknown-linux-gnu
ac_cv_c_bigendian=no
ac_cv_c_compiler_gnu=yes
ac_cv_cxx_compiler_gnu=yes
ac_cv_env_CCC_set=
ac_cv_env_CCC_value=
ac_cv_env_CC_set=
ac_cv_env_CC_value=
ac_cv_env_CFLAGS_set=
ac_cv_env_CFLAGS_value=
ac_cv_env_CPPFLAGS_set=
ac_cv_env_CPPFLAGS_value=
ac_cv_env_CPP_set=
ac_cv_env_CPP_value=
ac_cv_env_CXXCPP_set=
ac_cv_env_CXXCPP_value=
ac_cv_env_CXXFLAGS_set=
ac_cv_env_CXXFLAGS_value=
ac_cv_env_CXX_set=
ac_cv_env_CXX_value=
ac_cv_env_F77_set=
ac_cv_env_F77_value=
ac_cv_env_FFLAGS_set=
ac_cv_env_FFLAGS_value=
ac_cv_env_LDFLAGS_set=
ac_cv_env_LDFLAGS_value=
ac_cv_env_LIBS_set=
ac_cv_env_LIBS_value=
ac_cv_env_XMKMF_set=
ac_cv_env_XMKMF_value=
ac_cv_env_build_alias_set=
ac_cv_env_build_alias_value=
ac_cv_env_host_alias_set=
ac_cv_env_host_alias_value=
ac_cv_env_target_alias_set=
ac_cv_env_target_alias_value=
ac_cv_f77_compiler_gnu=no
ac_cv_func__NSGetEnviron=no
ac_cv_func_connect=yes
ac_cv_func_dlopen=no
ac_cv_func_inet_ntoa=yes
ac_cv_func_remove=yes
ac_cv_func_shl_load=no
ac_cv_func_shmat=yes
ac_cv_func_snprintf=yes
ac_cv_func_vsnprintf=yes
ac_cv_have_dlfcn=yes
ac_cv_have_kde='have_kde=yes     ac_kde_includes=/usr/include/kde ac_kde_libraries=/usr/lib'
ac_cv_have_qt='have_qt=yes     ac_qt_includes=/usr/share/qt3/include ac_qt_libraries=/usr/share/qt3/lib'
ac_cv_header_Carbon_Carbon_h=no
ac_cv_header_CoreAudio_CoreAudio_h=no
ac_cv_header_crt_externs_h=no
ac_cv_header_dlfcn_h=yes
ac_cv_header_inttypes_h=yes
ac_cv_header_memory_h=yes
ac_cv_header_stdc=yes
ac_cv_header_stdint_h=yes
ac_cv_header_stdlib_h=yes
ac_cv_header_string_h=yes
ac_cv_header_strings_h=yes
ac_cv_header_sys_bitypes_h=yes
ac_cv_header_sys_stat_h=yes
ac_cv_header_sys_types_h=yes
ac_cv_header_unistd_h=yes
ac_cv_host=x86_64-unknown-linux-gnu
ac_cv_lib_ICE_IceConnectionNumber=yes
ac_cv_lib_compat_main=no
ac_cv_lib_crypt_crypt=yes
ac_cv_lib_dl_dlopen=yes
ac_cv_lib_dld_shl_load=no
ac_cv_lib_dld_shl_unload=no
ac_cv_lib_dnet_dnet_ntoa=no
ac_cv_lib_dnet_stub_dnet_ntoa=no
ac_cv_lib_jpeg_6b=no
ac_cv_lib_jpeg_normal=-ljpeg
ac_cv_lib_png='-lpng -lz -lm'
ac_cv_lib_poll_poll=no
ac_cv_lib_pthread_pthread_create=yes
ac_cv_lib_ucb_killpg=no
ac_cv_lib_util_main=yes
ac_cv_lib_z=-lz
ac_cv_maxpathlen=4096
ac_cv_objext=o
ac_cv_path_EGREP='/bin/grep -E'
ac_cv_path_GMSGFMT=/usr/bin/msgfmt
ac_cv_path_GREP=/bin/grep
ac_cv_path_MSGFMT=/usr/bin/msgfmt
ac_cv_path_XGETTEXT=/usr/bin/xgettext
ac_cv_path_install='/usr/bin/install -c'
ac_cv_prog_AWK=gawk
ac_cv_prog_CPP='gcc -E'
ac_cv_prog_CXXCPP='g++ -E'
ac_cv_prog_ac_ct_AR=ar
ac_cv_prog_ac_ct_CC=gcc
ac_cv_prog_ac_ct_CXX=g++
ac_cv_prog_ac_ct_RANLIB=ranlib
ac_cv_prog_ac_ct_STRIP=strip
ac_cv_prog_cc_c89=
ac_cv_prog_cc_g=yes
ac_cv_prog_cxx_g=yes
ac_cv_prog_f77_g=no
ac_cv_prog_make_make_set=yes
ac_cv_sizeof_char_p=8
ac_cv_sizeof_int=4
ac_cv_sizeof_long=8
ac_cv_sizeof_short=2
ac_cv_sizeof_size_t=8
ac_cv_sizeof_unsigned_long=8
ac_cv_target=x86_64-unknown-linux-gnu
ac_cv_type_char_p=yes
ac_cv_type_int=yes
ac_cv_type_long=yes
ac_cv_type_short=yes
ac_cv_type_size_t=yes
ac_cv_type_unsigned_long=yes
am_cv_CC_dependencies_compiler_type=gcc3
am_cv_CXX_dependencies_compiler_type=gcc3
kde_cv_all_paths='kde_have_all_paths="yes" 	kde_htmldir="/usr/share/doc/kde/HTML" 	kde_appsdir="\${datadir}/applnk" 	kde_icondir="\${datadir}/icons" 	kde_sounddir="\${datadir}/sounds" 	kde_datadir="\${datadir}/apps" 	kde_locale="\${datadir}/locale" 	kde_cgidir="\${exec_prefix}/cgi-bin" 	kde_confdir="\${datadir}/config" 	kde_kcfgdir="\${datadir}/config.kcfg" 	kde_mimedir="\${datadir}/mimelnk" 	kde_toolbardir="\${datadir}/toolbar" 	kde_wallpaperdir="\${datadir}/wallpapers" 	kde_templatesdir="\${datadir}/templates" 	kde_bindir="\${exec_prefix}/bin" 	kde_servicesdir="\${datadir}/services" 	kde_servicetypesdir="\${datadir}/servicetypes" 	kde_moduledir="\${libdir}/kde3" 	kde_styledir="\${libdir}/kde3/plugins/styles" 	kde_widgetdir="/usr/lib/kde3/plugins/designer" 	xdg_appsdir="\${datadir}/applications/kde" 	xdg_menudir="\${sysconfdir}/xdg/menus" 	xdg_directorydir="\${datadir}/desktop-directories" 	kde_result=defaults'
kde_cv_func_res_init=yes
kde_cv_func_strlcat=no
kde_cv_func_strlcpy=no
kde_cv_have_libXext=yes
kde_cv_have_x='have_x=yes          kde_x_includes=. kde_x_libraries=/usr/lib'
kde_cv_opt_noinline_match=irrelevant
kde_cv_path=/usr/bin/xml2-config
kde_cv_path_artsc_config=/usr/bin/artsc-config
kde_cv_path_dcopidl2cpp=/usr/bin/dcopidl2cpp
kde_cv_path_dcopidl=/usr/bin/dcopidl
kde_cv_path_dcopidlng=/usr/bin/dcopidlng
kde_cv_path_kconfig_compiler=/usr/bin/kconfig_compiler
kde_cv_path_kde_config=/usr/bin/kde-config
kde_cv_path_mcopidl=/usr/bin/mcopidl
kde_cv_path_meinproc=/usr/bin/meinproc
kde_cv_path_moc=/usr/share/qt3/bin/moc
kde_cv_path_perl=/usr/bin/perl
kde_cv_path_uic=/usr/share/qt3/bin/uic
kde_cv_path_xml2_config=/usr/bin/xml2-config
kde_cv_path_xmllint=/usr/bin/xmllint
kde_cv_prog_cc_Wmissing_format_attribute=yes
kde_cv_prog_cxx_O0=yes
kde_cv_prog_cxx_Wl___allow_shlib_undefined=yes
kde_cv_prog_cxx_Wl___no_undefined=yes
kde_cv_prog_cxx_Wmissing_format_attribute=yes
kde_cv_prog_cxx_Wno_long_long=yes
kde_cv_prog_cxx_Wno_non_virtual_dtor=yes
kde_cv_prog_cxx_Wundef=yes
kde_cv_prog_cxx_fexceptions=yes
kde_cv_prog_cxx_fno_check_new=yes
kde_cv_prog_cxx_fno_common=yes
kde_cv_prog_cxx_fno_exceptions=yes
kde_cv_prog_cxx_fno_reorder_blocks=yes
kde_cv_prog_uic_L=yes
kde_cv_prog_uic_nounload=yes
kde_cv_proto_res_init=no
kde_cv_proto_strlcat='yes - in libkdefakes'
kde_cv_proto_strlcpy='yes - in libkdefakes'
kde_cv_qt_jpeg=no
kde_cv_socklen_t=yes
kde_cv_socklen_t_equiv=socklen_t
kde_cv_stl_works=yes
kde_cv_uic_plugins=yes
kde_cv_val_pie_support=yes
lt_cv_deplibs_check_method=pass_all
lt_cv_dlopen=dlopen
lt_cv_dlopen_libs=-ldl
lt_cv_dlopen_self=yes
lt_cv_dlopen_self_static=yes
lt_cv_file_magic_cmd='$MAGIC_CMD'
lt_cv_file_magic_test_file='/lib/libc.so.6 /lib/libc-2.5.so'
lt_cv_ld_reload_flag=-r
lt_cv_objdir=.libs
lt_cv_path_LD=/usr/bin/ld
lt_cv_path_LDCXX='/usr/bin/ld -m elf_x86_64'
lt_cv_path_NM='/usr/bin/nm -B'
lt_cv_path_SED=/usr/bin/sed
lt_cv_prog_compiler_c_o=yes
lt_cv_prog_compiler_c_o_CXX=yes
lt_cv_prog_compiler_rtti_exceptions=no
lt_cv_prog_gnu_ld=yes
lt_cv_prog_gnu_ldcxx=yes
lt_cv_sys_global_symbol_pipe='sed -n -e '\''s/^.*[ 	]\([ABCDGISTW][ABCDGISTW]*\)[ 	][ 	]*\(\)\([_A-Za-z][_A-Za-z0-9]*\)$/\1 \2\3 \3/p'\'''
lt_cv_sys_global_symbol_to_c_name_address='sed -n -e '\''s/^: \([^ ]*\) $/  {\"\1\", (lt_ptr) 0},/p'\'' -e '\''s/^[BCDEGRST] \([^ ]*\) \([^ ]*\)$/  {"\2", (lt_ptr) \&\2},/p'\'''
lt_cv_sys_global_symbol_to_cdecl='sed -n -e '\''s/^. .* \(.*\)$/extern int \1;/p'\'''
lt_cv_sys_max_cmd_len=32768
lt_lt_cv_prog_compiler_c_o='"yes"'
lt_lt_cv_prog_compiler_c_o_CXX='"yes"'
lt_lt_cv_sys_global_symbol_pipe='"sed -n -e '\''s/^.*[ 	]\\([ABCDGISTW][ABCDGISTW]*\\)[ 	][ 	]*\\(\\)\\([_A-Za-z][_A-Za-z0-9]*\\)\$/\\1 \\2\\3 \\3/p'\''"'
lt_lt_cv_sys_global_symbol_to_c_name_address='"sed -n -e '\''s/^: \\([^ ]*\\) \$/  {\\\"\\1\\\", (lt_ptr) 0},/p'\'' -e '\''s/^[BCDEGRST] \\([^ ]*\\) \\([^ ]*\\)\$/  {\"\\2\", (lt_ptr) \\&\\2},/p'\''"'
lt_lt_cv_sys_global_symbol_to_cdecl='"sed -n -e '\''s/^. .* \\(.*\\)\$/extern int \\1;/p'\''"'

## ----------------- ##
## Output variables. ##
## ----------------- ##

ACLOCAL='${SHELL} /home/lynn/CMBN/Klusters/Backup/klusters-1.6.2/admin/missing --run aclocal-1.8'
AMDEPBACKSLASH='\'
AMDEP_FALSE='#'
AMDEP_TRUE=''
AMTAR='${SHELL} /home/lynn/CMBN/Klusters/Backup/klusters-1.6.2/admin/missing --run tar'
AR='ar'
ARTSCCONFIG='/usr/bin/artsc-config'
AUTOCONF='$(SHELL) $(top_srcdir)/admin/cvs.sh configure || touch configure'
AUTODIRS=''
AUTOHEADER='${SHELL} /home/lynn/CMBN/Klusters/Backup/klusters-1.6.2/admin/missing --run autoheader'
AUTOMAKE='${SHELL} /home/lynn/CMBN/Klusters/Backup/klusters-1.6.2/admin/missing --run automake-1.8'
AWK='gawk'
CC='gcc'
CCDEPMODE='depmode=gcc3'
CFLAGS='-std=iso9899:1990 -W -Wall -Wchar-subscripts -Wshadow -Wpointer-arith -Wmissing-prototypes -Wwrite-strings -D_XOPEN_SOURCE=500 -D_BSD_SOURCE -O2   -Wformat-security -Wmissing-format-attribute'
CONF_FILES=' $(top_srcdir)/./admin/configure.in.min $(top_srcdir)/configure.in.in'
CPP='gcc -E'
CPPFLAGS=' -DQT_THREAD_SUPPORT  -D_REENTRANT'
CXX='g++'
CXXCPP='g++ -E'
CXXDEPMODE='depmode=gcc3'
CXXFLAGS='-Wno-long-long -Wundef -ansi -D_XOPEN_SOURCE=500 -D_BSD_SOURCE -Wcast-align -Wconversion -Wchar-subscripts -Wall -W -Wpointer-arith -O2 -Wformat-security -Wmissing-format-attribute -Wno-non-virtual-dtor -fno-exceptions -fno-check-new -fno-common'
CYGPATH_W='echo'
DCOPIDL2CPP='/usr/bin/dcopidl2cpp'
DCOPIDL='/usr/bin/dcopidl'
DCOPIDLNG='/usr/bin/dcopidlng'
DCOP_DEPENDENCIES='$(DCOPIDL) $(DCOPIDLNG)'
DEFS='-DHAVE_CONFIG_H'
DEPDIR='.deps'
ECHO='echo'
ECHO_C=''
ECHO_N='-n'
ECHO_T=''
EGREP='/bin/grep -E'
ENABLE_PERMISSIVE_FLAG='-fpermissive'
EXEEXT=''
F77=''
FFLAGS=''
FRAMEWORK_COREAUDIO=''
GMSGFMT='/usr/bin/msgfmt'
GREP='/bin/grep'
HAVE_GCC_VISIBILITY='0'
INSTALL_DATA='${INSTALL} -m 644'
INSTALL_PROGRAM='${INSTALL} $(INSTALL_STRIP_FLAG)'
INSTALL_SCRIPT='${INSTALL}'
INSTALL_STRIP_PROGRAM='${SHELL} $(install_sh) -c -s'
KCFG_DEPENDENCIES='$(KCONFIG_COMPILER)'
KCONFIG_COMPILER='/usr/bin/kconfig_compiler'
KDECONFIG='/usr/bin/kde-config'
KDE_CHECK_PLUGIN='$(KDE_PLUGIN) -rpath $(libdir)'
KDE_EXTRA_RPATH=''
KDE_INCLUDES='-I/usr/include/kde'
KDE_LDFLAGS='-L/usr/lib'
KDE_MT_LDFLAGS=''
KDE_MT_LIBS='-lpthread'
KDE_NO_UNDEFINED='-Wl,--no-undefined -Wl,--allow-shlib-undefined'
KDE_PLUGIN='-avoid-version -module -no-undefined $(KDE_NO_UNDEFINED) $(KDE_RPATH) $(KDE_MT_LDFLAGS)'
KDE_RPATH='-R $(libdir) -R $(kde_libraries) -R $(qt_libraries) -R $(x_libraries)'
KDE_USE_CLOSURE_FALSE=''
KDE_USE_CLOSURE_TRUE='#'
KDE_USE_FINAL_FALSE=''
KDE_USE_FINAL_TRUE='#'
KDE_USE_FPIE='-fPIE'
KDE_USE_NMCHECK_FALSE=''
KDE_USE_NMCHECK_TRUE='#'
KDE_USE_PIE='-pie'
KDE_XSL_STYLESHEET='/usr/share/apps/ksgmltools2/customization/kde-chunk.xsl'
LDFLAGS=''
LDFLAGS_AS_NEEDED=''
LDFLAGS_NEW_DTAGS=''
LIBCOMPAT=''
LIBCRYPT='-lcrypt'
LIBDL='-ldl'
LIBJPEG='-ljpeg'
LIBOBJS=''
LIBPNG='-lpng -lz -lm'
LIBPTHREAD='-lpthread'
LIBRESOLV='-lresolv'
LIBS=''
LIBSM='-lSM -lICE'
LIBSOCKET=''
LIBTOOL='$(SHELL) $(top_builddir)/libtool --silent'
LIBUCB=''
LIBUTIL='-lutil'
LIBXML_CFLAGS='-I/usr/include/libxml2'
LIBXML_LIBS='-L/usr/lib -lxml2'
LIBZ='-lz'
LIB_KAB='-lkab'
LIB_KABC='-lkabc'
LIB_KDECORE='-lkdecore'
LIB_KDED=''
LIB_KDEPIM='-lkdepim'
LIB_KDEPRINT='-lkdeprint'
LIB_KDEUI='-lkdeui'
LIB_KDNSSD='-lkdnssd'
LIB_KFILE='-lkio'
LIB_KFM=''
LIB_KHTML='-lkhtml'
LIB_KIMPROXY='-lkimproxy'
LIB_KIO='-lkio'
LIB_KJS='-lkjs'
LIB_KNEWSTUFF='-lknewstuff'
LIB_KPARTS='-lkparts'
LIB_KSPELL='-lkspell'
LIB_KSYCOCA='-lkio'
LIB_KUNITTEST='-lkunittest'
LIB_KUTILS='-lkutils'
LIB_POLL=''
LIB_QPE=''
LIB_QT='-lqt-mt  $(LIBZ) $(LIBPNG) -lXext $(LIB_X11) $(LIBSM) -lpthread'
LIB_SMB='-lsmb'
LIB_X11='-lX11 $(LIBSOCKET)'
LIB_XEXT='-lXext'
LIB_XRENDER=''
LN_S='ln -s'
LTLIBOBJS=''
MAKEINFO='${SHELL} /home/lynn/CMBN/Klusters/Backup/klusters-1.6.2/admin/missing --run makeinfo'
MAKEKDEWIDGETS=''
MCOPIDL='/usr/bin/mcopidl'
MEINPROC='/usr/bin/meinproc'
MOC='/usr/share/qt3/bin/moc'
MSGFMT='/usr/bin/msgfmt'
NOOPT_CFLAGS='-O0'
NOOPT_CXXFLAGS='-O0'
OBJEXT='o'
PACKAGE='klusters'
PACKAGE_BUGREPORT=''
PACKAGE_NAME=''
PACKAGE_STRING=''
PACKAGE_TARNAME=''
PACKAGE_VERSION=''
PATH_SEPARATOR=':'
PERL='/usr/bin/perl'
QTE_NORTTI=''
QT_INCLUDES='-I/usr/share/qt3/include'
QT_LDFLAGS='-L/usr/share/qt3/lib'
RANLIB='ranlib'
SET_MAKE=''
SHELL='/bin/bash'
STRIP='strip'
TOPSUBDIRS=' doc po src'
UIC='/usr/share/qt3/bin/uic -L $(kde_widgetdir) -nounload'
UIC_TR='tr2i18n'
USER_INCLUDES=''
USER_LDFLAGS=''
USE_EXCEPTIONS='-fexceptions'
USE_RTTI=''
USE_THREADS=''
VERSION='1.6.2'
WOVERLOADED_VIRTUAL=''
XGETTEXT='/usr/bin/xgettext'
XMKMF=''
XMLLINT='/usr/bin/xmllint'
X_EXTRA_LIBS=''
X_INCLUDES='-I.'
X_LDFLAGS='-L/usr/lib'
X_PRE_LIBS=''
X_RPATH='-R $(x_libraries)'
ac_ct_CC='gcc'
ac_ct_CXX='g++'
ac_ct_F77=''
all_includes='-I/usr/include/kde -I/usr/share/qt3/include -I. '
all_libraries='-L/usr/share/qt3/lib -L/usr/lib   '
am__fastdepCC_FALSE='#'
am__fastdepCC_TRUE=''
am__fastdepCXX_FALSE='#'
am__fastdepCXX_TRUE=''
am__include='include'
am__leading_dot='.'
am__quote=''
bindir='${exec_prefix}/bin'
build='x86_64-unknown-linux-gnu'
build_alias=''
build_cpu='x86_64'
build_os='linux-gnu'
build_vendor='unknown'
datadir='${datarootdir}'
datarootdir='${prefix}/share'
docdir='${datarootdir}/doc/${PACKAGE}'
dvidir='${docdir}'
exec_prefix='${prefix}'
host='x86_64-unknown-linux-gnu'
host_alias=''
host_cpu='x86_64'
host_os='linux-gnu'
host_vendor='unknown'
htmldir='${docdir}'
include_ARTS_FALSE='#'
include_ARTS_TRUE=''
include_x11_FALSE='#'
include_x11_TRUE=''
includedir='${prefix}/include'
infodir='${datarootdir}/info'
install_sh='/home/lynn/CMBN/Klusters/Backup/klusters-1.6.2/admin/install-sh'
kde_appsdir='${datadir}/applnk'
kde_bindir='${exec_prefix}/bin'
kde_confdir='${datadir}/config'
kde_datadir='${datadir}/apps'
kde_htmldir='/usr/share/doc/kde/HTML'
kde_icondir='${datadir}/icons'
kde_includes='/usr/include/kde'
kde_kcfgdir='${datadir}/config.kcfg'
kde_libraries='/usr/lib'
kde_libs_htmldir='/usr/share/doc/kde/HTML'
kde_libs_prefix='/usr'
kde_locale='${datadir}/locale'
kde_mimedir='${datadir}/mimelnk'
kde_moduledir='${libdir}/kde3'
kde_qtver='3'
kde_servicesdir='${datadir}/services'
kde_servicetypesdir='${datadir}/servicetypes'
kde_sounddir='${datadir}/sounds'
kde_styledir='${libdir}/kde3/plugins/styles'
kde_templatesdir='${datadir}/templates'
kde_wallpaperdir='${datadir}/wallpapers'
kde_widgetdir='/usr/lib/kde3/plugins/designer'
kdeinitdir='$(kde_moduledir)'
libdir='${exec_prefix}/lib'
libexecdir='${exec_prefix}/libexec'
localedir='${datarootdir}/locale'
localstatedir='${prefix}/var'
mandir='${datarootdir}/man'
mkdir_p='mkdir -p -- .'
oldincludedir='/usr/include'
pdfdir='${docdir}'
prefix='/usr'
program_transform_name='s,x,x,'
psdir='${docdir}'
qt_includes='/usr/share/qt3/include'
qt_libraries='/usr/share/qt3/lib'
sbindir='${exec_prefix}/sbin'
sharedstatedir='${prefix}/com'
sysconfdir='${prefix}/etc'
target='x86_64-unknown-linux-gnu'
target_alias=''
target_cpu='x86_64'
target_os='linux-gnu'
target_vendor='unknown'
unsermake_enable_pch_FALSE=''
unsermake_enable_pch_TRUE='#'
x_includes='.'
x_libraries='/usr/lib'
xdg_appsdir='${datadir}/applications/kde'
xdg_directorydir='${datadir}/desktop-directories'
xdg_menudir='${sysconfdir}/xdg/menus'

## ----------- ##
## confdefs.h. ##
## ----------- ##

#define PACKAGE_NAME ""
#define PACKAGE_TARNAME ""
#define PACKAGE_VERSION ""
#define PACKAGE_STRING ""
#define PACKAGE_BUGREPORT ""
#define PACKAGE "klusters"
#define VERSION "1.6.2"
#define KDELIBSUFF ""
#define STDC_HEADERS 1
#define HAVE_SYS_TYPES_H 1
#define HAVE_SYS_STAT_H 1
#define HAVE_STDLIB_H 1
#define HAVE_STRING_H 1
#define HAVE_MEMORY_H 1
#define HAVE_STRINGS_H 1
#define HAVE_INTTYPES_H 1
#define HAVE_STDINT_H 1
#define HAVE_UNISTD_H 1
#define HAVE_DLFCN_H 1
#define HAVE_SGI_STL 1
#define HAVE_CRYPT 1
#define kde_socklen_t socklen_t
#define ksize_t socklen_t
#define HAVE_SYS_TYPES_H 1
#define HAVE_STDINT_H 1
#define HAVE_SYS_BITYPES_H 1
#define HAVE_RES_INIT 1
#define HAVE_RES_INIT 1
#define HAVE_RES_INIT_PROTO 1
#define SIZEOF_INT 4
#define SIZEOF_SHORT 2
#define SIZEOF_LONG 8
#define SIZEOF_CHAR_P 8
#define SIZEOF_SIZE_T 8
#define SIZEOF_UNSIGNED_LONG 8
#define HAVE_VSNPRINTF 1
#define HAVE_SNPRINTF 1
#define HAVE_LIBZ 1
#define HAVE_LIBPNG 1
#define HAVE_LIBJPEG 1
#define HAVE_LIBPTHREAD 1
#define KDEMAXPATHLEN 4096

configure: exit 0
